2023-10-02 14:30:53,358 [Worker-4: Loading available Gradle versions] INFO  o.e.b.c.i.u.g.PublishedGradleVersions - Gradle version information cache is up-to-date. Trying to read.
2023-10-02 14:32:55,846 [Worker-4: Launching mavenrun-57a4bd08-6d5d-4110-9923-2e800f893d8d] INFO  o.eclipse.m2e.core.internal.Bundles - getClasspathEntries(Bundle=org.eclipse.m2e.maven.runtime_3.9.400.20230826-0755 [621])
2023-10-02 14:32:55,850 [Worker-4: Launching mavenrun-57a4bd08-6d5d-4110-9923-2e800f893d8d] INFO  o.eclipse.m2e.core.internal.Bundles - 	Entry: C:\Users\sudar\.p2\pool\plugins\org.eclipse.m2e.maven.runtime_3.9.400.20230826-0755
2023-10-02 14:32:55,850 [Worker-4: Launching mavenrun-57a4bd08-6d5d-4110-9923-2e800f893d8d] INFO  o.eclipse.m2e.core.internal.Bundles - 	Entry: C:\Users\sudar\.p2\pool\plugins\org.eclipse.m2e.maven.runtime_3.9.400.20230826-0755\jars\aether-connector-okhttp-0.17.8.jar
2023-10-02 14:32:55,851 [Worker-4: Launching mavenrun-57a4bd08-6d5d-4110-9923-2e800f893d8d] INFO  o.eclipse.m2e.core.internal.Bundles - 	Entry: C:\Users\sudar\.p2\pool\plugins\org.eclipse.m2e.maven.runtime_3.9.400.20230826-0755\jars\aopalliance-1.0.jar
2023-10-02 14:32:55,852 [Worker-4: Launching mavenrun-57a4bd08-6d5d-4110-9923-2e800f893d8d] INFO  o.eclipse.m2e.core.internal.Bundles - 	Entry: C:\Users\sudar\.p2\pool\plugins\org.eclipse.m2e.maven.runtime_3.9.400.20230826-0755\jars\commons-lang3-3.12.0.jar
2023-10-02 14:32:55,852 [Worker-4: Launching mavenrun-57a4bd08-6d5d-4110-9923-2e800f893d8d] INFO  o.eclipse.m2e.core.internal.Bundles - 	Entry: C:\Users\sudar\.p2\pool\plugins\org.eclipse.m2e.maven.runtime_3.9.400.20230826-0755\jars\guice-5.1.0.jar
2023-10-02 14:32:55,852 [Worker-4: Launching mavenrun-57a4bd08-6d5d-4110-9923-2e800f893d8d] INFO  o.eclipse.m2e.core.internal.Bundles - 	Entry: C:\Users\sudar\.p2\pool\plugins\org.eclipse.m2e.maven.runtime_3.9.400.20230826-0755\jars\jansi-2.4.0.jar
2023-10-02 14:32:55,852 [Worker-4: Launching mavenrun-57a4bd08-6d5d-4110-9923-2e800f893d8d] INFO  o.eclipse.m2e.core.internal.Bundles - 	Entry: C:\Users\sudar\.p2\pool\plugins\org.eclipse.m2e.maven.runtime_3.9.400.20230826-0755\jars\maven-artifact-3.9.4.jar
2023-10-02 14:32:55,853 [Worker-4: Launching mavenrun-57a4bd08-6d5d-4110-9923-2e800f893d8d] INFO  o.eclipse.m2e.core.internal.Bundles - 	Entry: C:\Users\sudar\.p2\pool\plugins\org.eclipse.m2e.maven.runtime_3.9.400.20230826-0755\jars\maven-builder-support-3.9.4.jar
2023-10-02 14:32:55,854 [Worker-4: Launching mavenrun-57a4bd08-6d5d-4110-9923-2e800f893d8d] INFO  o.eclipse.m2e.core.internal.Bundles - 	Entry: C:\Users\sudar\.p2\pool\plugins\org.eclipse.m2e.maven.runtime_3.9.400.20230826-0755\jars\maven-compat-3.9.4.jar
2023-10-02 14:32:55,854 [Worker-4: Launching mavenrun-57a4bd08-6d5d-4110-9923-2e800f893d8d] INFO  o.eclipse.m2e.core.internal.Bundles - 	Entry: C:\Users\sudar\.p2\pool\plugins\org.eclipse.m2e.maven.runtime_3.9.400.20230826-0755\jars\maven-core-3.9.4.jar
2023-10-02 14:32:55,854 [Worker-4: Launching mavenrun-57a4bd08-6d5d-4110-9923-2e800f893d8d] INFO  o.eclipse.m2e.core.internal.Bundles - 	Entry: C:\Users\sudar\.p2\pool\plugins\org.eclipse.m2e.maven.runtime_3.9.400.20230826-0755\jars\maven-embedder-3.9.4.jar
2023-10-02 14:32:55,854 [Worker-4: Launching mavenrun-57a4bd08-6d5d-4110-9923-2e800f893d8d] INFO  o.eclipse.m2e.core.internal.Bundles - 	Entry: C:\Users\sudar\.p2\pool\plugins\org.eclipse.m2e.maven.runtime_3.9.400.20230826-0755\jars\maven-model-3.9.4.jar
2023-10-02 14:32:55,855 [Worker-4: Launching mavenrun-57a4bd08-6d5d-4110-9923-2e800f893d8d] INFO  o.eclipse.m2e.core.internal.Bundles - 	Entry: C:\Users\sudar\.p2\pool\plugins\org.eclipse.m2e.maven.runtime_3.9.400.20230826-0755\jars\maven-model-builder-3.9.4.jar
2023-10-02 14:32:55,855 [Worker-4: Launching mavenrun-57a4bd08-6d5d-4110-9923-2e800f893d8d] INFO  o.eclipse.m2e.core.internal.Bundles - 	Entry: C:\Users\sudar\.p2\pool\plugins\org.eclipse.m2e.maven.runtime_3.9.400.20230826-0755\jars\maven-plugin-api-3.9.4.jar
2023-10-02 14:32:55,855 [Worker-4: Launching mavenrun-57a4bd08-6d5d-4110-9923-2e800f893d8d] INFO  o.eclipse.m2e.core.internal.Bundles - 	Entry: C:\Users\sudar\.p2\pool\plugins\org.eclipse.m2e.maven.runtime_3.9.400.20230826-0755\jars\maven-repository-metadata-3.9.4.jar
2023-10-02 14:32:55,856 [Worker-4: Launching mavenrun-57a4bd08-6d5d-4110-9923-2e800f893d8d] INFO  o.eclipse.m2e.core.internal.Bundles - 	Entry: C:\Users\sudar\.p2\pool\plugins\org.eclipse.m2e.maven.runtime_3.9.400.20230826-0755\jars\maven-resolver-api-1.9.14.jar
2023-10-02 14:32:55,856 [Worker-4: Launching mavenrun-57a4bd08-6d5d-4110-9923-2e800f893d8d] INFO  o.eclipse.m2e.core.internal.Bundles - 	Entry: C:\Users\sudar\.p2\pool\plugins\org.eclipse.m2e.maven.runtime_3.9.400.20230826-0755\jars\maven-resolver-connector-basic-1.9.14.jar
2023-10-02 14:32:55,857 [Worker-4: Launching mavenrun-57a4bd08-6d5d-4110-9923-2e800f893d8d] INFO  o.eclipse.m2e.core.internal.Bundles - 	Entry: C:\Users\sudar\.p2\pool\plugins\org.eclipse.m2e.maven.runtime_3.9.400.20230826-0755\jars\maven-resolver-impl-1.9.14.jar
2023-10-02 14:32:55,857 [Worker-4: Launching mavenrun-57a4bd08-6d5d-4110-9923-2e800f893d8d] INFO  o.eclipse.m2e.core.internal.Bundles - 	Entry: C:\Users\sudar\.p2\pool\plugins\org.eclipse.m2e.maven.runtime_3.9.400.20230826-0755\jars\maven-resolver-named-locks-1.9.14.jar
2023-10-02 14:32:55,858 [Worker-4: Launching mavenrun-57a4bd08-6d5d-4110-9923-2e800f893d8d] INFO  o.eclipse.m2e.core.internal.Bundles - 	Entry: C:\Users\sudar\.p2\pool\plugins\org.eclipse.m2e.maven.runtime_3.9.400.20230826-0755\jars\maven-resolver-provider-3.9.4.jar
2023-10-02 14:32:55,858 [Worker-4: Launching mavenrun-57a4bd08-6d5d-4110-9923-2e800f893d8d] INFO  o.eclipse.m2e.core.internal.Bundles - 	Entry: C:\Users\sudar\.p2\pool\plugins\org.eclipse.m2e.maven.runtime_3.9.400.20230826-0755\jars\maven-resolver-spi-1.9.14.jar
2023-10-02 14:32:55,859 [Worker-4: Launching mavenrun-57a4bd08-6d5d-4110-9923-2e800f893d8d] INFO  o.eclipse.m2e.core.internal.Bundles - 	Entry: C:\Users\sudar\.p2\pool\plugins\org.eclipse.m2e.maven.runtime_3.9.400.20230826-0755\jars\maven-resolver-transport-wagon-1.9.14.jar
2023-10-02 14:32:55,859 [Worker-4: Launching mavenrun-57a4bd08-6d5d-4110-9923-2e800f893d8d] INFO  o.eclipse.m2e.core.internal.Bundles - 	Entry: C:\Users\sudar\.p2\pool\plugins\org.eclipse.m2e.maven.runtime_3.9.400.20230826-0755\jars\maven-resolver-util-1.9.14.jar
2023-10-02 14:32:55,859 [Worker-4: Launching mavenrun-57a4bd08-6d5d-4110-9923-2e800f893d8d] INFO  o.eclipse.m2e.core.internal.Bundles - 	Entry: C:\Users\sudar\.p2\pool\plugins\org.eclipse.m2e.maven.runtime_3.9.400.20230826-0755\jars\maven-settings-3.9.4.jar
2023-10-02 14:32:55,860 [Worker-4: Launching mavenrun-57a4bd08-6d5d-4110-9923-2e800f893d8d] INFO  o.eclipse.m2e.core.internal.Bundles - 	Entry: C:\Users\sudar\.p2\pool\plugins\org.eclipse.m2e.maven.runtime_3.9.400.20230826-0755\jars\maven-settings-builder-3.9.4.jar
2023-10-02 14:32:55,860 [Worker-4: Launching mavenrun-57a4bd08-6d5d-4110-9923-2e800f893d8d] INFO  o.eclipse.m2e.core.internal.Bundles - 	Entry: C:\Users\sudar\.p2\pool\plugins\org.eclipse.m2e.maven.runtime_3.9.400.20230826-0755\jars\maven-shared-utils-3.3.4.jar
2023-10-02 14:32:55,861 [Worker-4: Launching mavenrun-57a4bd08-6d5d-4110-9923-2e800f893d8d] INFO  o.eclipse.m2e.core.internal.Bundles - 	Entry: C:\Users\sudar\.p2\pool\plugins\org.eclipse.m2e.maven.runtime_3.9.400.20230826-0755\jars\okhttp-3.14.1.jar
2023-10-02 14:32:55,861 [Worker-4: Launching mavenrun-57a4bd08-6d5d-4110-9923-2e800f893d8d] INFO  o.eclipse.m2e.core.internal.Bundles - 	Entry: C:\Users\sudar\.p2\pool\plugins\org.eclipse.m2e.maven.runtime_3.9.400.20230826-0755\jars\okio-1.17.3.jar
2023-10-02 14:32:55,862 [Worker-4: Launching mavenrun-57a4bd08-6d5d-4110-9923-2e800f893d8d] INFO  o.eclipse.m2e.core.internal.Bundles - 	Entry: C:\Users\sudar\.p2\pool\plugins\org.eclipse.m2e.maven.runtime_3.9.400.20230826-0755\jars\org.eclipse.sisu.inject-0.3.5.jar
2023-10-02 14:32:55,862 [Worker-4: Launching mavenrun-57a4bd08-6d5d-4110-9923-2e800f893d8d] INFO  o.eclipse.m2e.core.internal.Bundles - 	Entry: C:\Users\sudar\.p2\pool\plugins\org.eclipse.m2e.maven.runtime_3.9.400.20230826-0755\jars\org.eclipse.sisu.plexus-0.3.5.jar
2023-10-02 14:32:55,863 [Worker-4: Launching mavenrun-57a4bd08-6d5d-4110-9923-2e800f893d8d] INFO  o.eclipse.m2e.core.internal.Bundles - 	Entry: C:\Users\sudar\.p2\pool\plugins\org.eclipse.m2e.maven.runtime_3.9.400.20230826-0755\jars\plexus-build-api-0.0.7.jar
2023-10-02 14:32:55,863 [Worker-4: Launching mavenrun-57a4bd08-6d5d-4110-9923-2e800f893d8d] INFO  o.eclipse.m2e.core.internal.Bundles - 	Entry: C:\Users\sudar\.p2\pool\plugins\org.eclipse.m2e.maven.runtime_3.9.400.20230826-0755\jars\plexus-cipher-2.0.jar
2023-10-02 14:32:55,863 [Worker-4: Launching mavenrun-57a4bd08-6d5d-4110-9923-2e800f893d8d] INFO  o.eclipse.m2e.core.internal.Bundles - 	Entry: C:\Users\sudar\.p2\pool\plugins\org.eclipse.m2e.maven.runtime_3.9.400.20230826-0755\jars\plexus-classworlds-2.7.0.jar
2023-10-02 14:32:55,864 [Worker-4: Launching mavenrun-57a4bd08-6d5d-4110-9923-2e800f893d8d] INFO  o.eclipse.m2e.core.internal.Bundles - 	Entry: C:\Users\sudar\.p2\pool\plugins\org.eclipse.m2e.maven.runtime_3.9.400.20230826-0755\jars\plexus-component-annotations-2.1.0.jar
2023-10-02 14:32:55,864 [Worker-4: Launching mavenrun-57a4bd08-6d5d-4110-9923-2e800f893d8d] INFO  o.eclipse.m2e.core.internal.Bundles - 	Entry: C:\Users\sudar\.p2\pool\plugins\org.eclipse.m2e.maven.runtime_3.9.400.20230826-0755\jars\plexus-interpolation-1.26.jar
2023-10-02 14:32:55,864 [Worker-4: Launching mavenrun-57a4bd08-6d5d-4110-9923-2e800f893d8d] INFO  o.eclipse.m2e.core.internal.Bundles - 	Entry: C:\Users\sudar\.p2\pool\plugins\org.eclipse.m2e.maven.runtime_3.9.400.20230826-0755\jars\plexus-sec-dispatcher-2.0.jar
2023-10-02 14:32:55,865 [Worker-4: Launching mavenrun-57a4bd08-6d5d-4110-9923-2e800f893d8d] INFO  o.eclipse.m2e.core.internal.Bundles - 	Entry: C:\Users\sudar\.p2\pool\plugins\org.eclipse.m2e.maven.runtime_3.9.400.20230826-0755\jars\plexus-utils-3.5.1.jar
2023-10-02 14:32:55,865 [Worker-4: Launching mavenrun-57a4bd08-6d5d-4110-9923-2e800f893d8d] INFO  o.eclipse.m2e.core.internal.Bundles - 	Entry: C:\Users\sudar\.p2\pool\plugins\org.eclipse.m2e.maven.runtime_3.9.400.20230826-0755\jars\wagon-file-3.5.3.jar
2023-10-02 14:32:55,866 [Worker-4: Launching mavenrun-57a4bd08-6d5d-4110-9923-2e800f893d8d] INFO  o.eclipse.m2e.core.internal.Bundles - 	Entry: C:\Users\sudar\.p2\pool\plugins\org.eclipse.m2e.maven.runtime_3.9.400.20230826-0755\jars\wagon-provider-api-3.5.3.jar
2023-10-02 14:32:55,868 [Worker-4: Launching mavenrun-57a4bd08-6d5d-4110-9923-2e800f893d8d] INFO  o.eclipse.m2e.core.internal.Bundles - getClasspathEntries(Bundle=com.google.guava_32.1.2.jre [12])
2023-10-02 14:32:55,869 [Worker-4: Launching mavenrun-57a4bd08-6d5d-4110-9923-2e800f893d8d] INFO  o.eclipse.m2e.core.internal.Bundles - 	Entry: C:\Users\sudar\.p2\pool\plugins\com.google.guava_32.1.2.jre.jar
2023-10-02 14:32:55,869 [Worker-4: Launching mavenrun-57a4bd08-6d5d-4110-9923-2e800f893d8d] INFO  o.eclipse.m2e.core.internal.Bundles - getClasspathEntries(Bundle=slf4j.api_2.0.7 [982])
2023-10-02 14:32:55,869 [Worker-4: Launching mavenrun-57a4bd08-6d5d-4110-9923-2e800f893d8d] INFO  o.eclipse.m2e.core.internal.Bundles - 	Entry: C:\Users\sudar\.p2\pool\plugins\slf4j.api_2.0.7.jar
2023-10-02 14:32:55,869 [Worker-4: Launching mavenrun-57a4bd08-6d5d-4110-9923-2e800f893d8d] INFO  o.eclipse.m2e.core.internal.Bundles - getClasspathEntries(Bundle=javax.inject_1.0.0.v20220405-0441 [38])
2023-10-02 14:32:55,870 [Worker-4: Launching mavenrun-57a4bd08-6d5d-4110-9923-2e800f893d8d] INFO  o.eclipse.m2e.core.internal.Bundles - 	Entry: C:\Users\sudar\.p2\pool\plugins\javax.inject_1.0.0.v20220405-0441.jar
2023-10-02 14:32:55,870 [Worker-4: Launching mavenrun-57a4bd08-6d5d-4110-9923-2e800f893d8d] INFO  o.eclipse.m2e.core.internal.Bundles - getClasspathEntries(Bundle=javax.annotation_1.3.5.v20200909-1856 [36])
2023-10-02 14:32:55,871 [Worker-4: Launching mavenrun-57a4bd08-6d5d-4110-9923-2e800f893d8d] INFO  o.eclipse.m2e.core.internal.Bundles - 	Entry: C:\Users\sudar\.p2\pool\plugins\javax.annotation_1.3.5.v20200909-1856.jar
2023-10-02 14:32:55,871 [Worker-4: Launching mavenrun-57a4bd08-6d5d-4110-9923-2e800f893d8d] INFO  o.eclipse.m2e.core.internal.Bundles - getClasspathEntries(Bundle=org.apache.commons.cli_1.5.0 [73])
2023-10-02 14:32:55,871 [Worker-4: Launching mavenrun-57a4bd08-6d5d-4110-9923-2e800f893d8d] INFO  o.eclipse.m2e.core.internal.Bundles - 	Entry: C:\Users\sudar\.p2\pool\plugins\org.apache.commons.cli_1.5.0.jar
2023-10-02 14:32:55,873 [Worker-4: Launching mavenrun-57a4bd08-6d5d-4110-9923-2e800f893d8d] INFO  o.eclipse.m2e.core.internal.Bundles - getClasspathEntries(Bundle=com.google.guava.failureaccess_1.0.1 [14])
2023-10-02 14:32:55,873 [Worker-4: Launching mavenrun-57a4bd08-6d5d-4110-9923-2e800f893d8d] INFO  o.eclipse.m2e.core.internal.Bundles - 	Entry: C:\Users\sudar\.p2\pool\plugins\com.google.guava.failureaccess_1.0.1.jar
2023-10-02 14:32:55,885 [Worker-4: Launching mavenrun-57a4bd08-6d5d-4110-9923-2e800f893d8d] INFO  o.e.m.i.launch.MavenLaunchDelegate - Run build in "C:\Users\sudar\AppData\Local\Temp\m2e-archetypeGenerator4659000137996893755":
2023-10-02 14:32:55,891 [Worker-4: Launching mavenrun-57a4bd08-6d5d-4110-9923-2e800f893d8d] INFO  o.e.m.i.launch.MavenLaunchDelegate -  mvn  -DarchetypeGroupId=org.apache.maven.archetypes -DarchetypeArtifactId=maven-archetype-quickstart -DarchetypeVersion=1.1 -DgroupId=com.sudarshan -DartifactId=Demo -Dversion=0.0.1-SNAPSHOT -Dpackage=com.sudarshan -DoutputDirectory="C:\Users\sudar\OneDrive\Desktop\JAVA\Spring Core" -Dstyle.color=always -U archetype:generate
2023-10-02 14:34:18,235 [Worker-13: Creating maven-archetype-quickstart] INFO  o.e.m.c.i.p.ProjectConfigurationManager - Collecting project info '/pom.xml' C:\Users\sudar\OneDrive\Desktop\JAVA\Spring Core\Demo\pom.xml
2023-10-02 14:34:28,406 [Worker-13: Creating maven-archetype-quickstart] INFO  o.e.m.c.i.l.LifecycleMappingFactory - Using org.eclipse.m2e.jdt.JarLifecycleMapping lifecycle mapping for MavenProject: com.sudarshan:Demo:0.0.1-SNAPSHOT @ C:\Users\sudar\OneDrive\Desktop\JAVA\Spring Core\Demo\pom.xml.
2023-10-02 14:34:30,737 [Worker-13: Creating maven-archetype-quickstart] INFO  o.e.m.j.i.AbstractJavaProjectConfigurator - Adding source folder /Demo/src/main/java
2023-10-02 14:34:30,737 [Worker-13: Creating maven-archetype-quickstart] INFO  o.e.m.j.i.AbstractJavaProjectConfigurator - Adding resource folder /Demo/src/main/resources
2023-10-02 14:34:30,744 [Worker-13: Creating maven-archetype-quickstart] INFO  o.e.m.j.i.AbstractJavaProjectConfigurator - Adding source folder /Demo/src/test/java
2023-10-02 14:34:30,745 [Worker-13: Creating maven-archetype-quickstart] INFO  o.e.m.j.i.AbstractJavaProjectConfigurator - Adding resource folder /Demo/src/test/resources
2023-10-02 14:34:30,946 [Worker-13: Creating maven-archetype-quickstart] INFO  o.e.m.c.i.p.ProjectConfigurationManager - Imported and configured 1 project(s) in 12 sec
2023-10-02 14:34:33,375 [Worker-14: Building] INFO  o.a.m.s.f.DefaultMavenResourcesFiltering - skip non existing resourceDirectory C:\Users\sudar\OneDrive\Desktop\JAVA\Spring Core\Demo\src\main\resources
2023-10-02 14:34:33,381 [Worker-14: Building] INFO  o.a.m.s.f.DefaultMavenResourcesFiltering - skip non existing resourceDirectory C:\Users\sudar\OneDrive\Desktop\JAVA\Spring Core\Demo\src\test\resources
2023-10-02 14:35:54,243 [Worker-13: Building] INFO  o.e.m.c.i.l.LifecycleMappingFactory - Using org.eclipse.m2e.jdt.JarLifecycleMapping lifecycle mapping for MavenProject: com.sudarshan:Demo:0.0.1-SNAPSHOT @ C:\Users\sudar\OneDrive\Desktop\JAVA\Spring Core\Demo\pom.xml.
2023-10-02 14:35:55,011 [Worker-13: Building] INFO  o.a.m.s.f.DefaultMavenResourcesFiltering - skip non existing resourceDirectory C:\Users\sudar\OneDrive\Desktop\JAVA\Spring Core\Demo\src\main\resources
2023-10-02 14:35:55,018 [Worker-13: Building] INFO  o.a.m.s.f.DefaultMavenResourcesFiltering - skip non existing resourceDirectory C:\Users\sudar\OneDrive\Desktop\JAVA\Spring Core\Demo\src\test\resources
2023-10-02 14:37:05,799 [Worker-13: Building] INFO  o.a.m.s.f.DefaultMavenResourcesFiltering - skip non existing resourceDirectory C:\Users\sudar\OneDrive\Desktop\JAVA\Spring Core\Demo\src\main\resources
2023-10-02 14:37:05,803 [Worker-13: Building] INFO  o.a.m.s.f.DefaultMavenResourcesFiltering - skip non existing resourceDirectory C:\Users\sudar\OneDrive\Desktop\JAVA\Spring Core\Demo\src\test\resources
2023-10-02 14:37:58,779 [Worker-3: Building] INFO  o.a.m.s.f.DefaultMavenResourcesFiltering - skip non existing resourceDirectory C:\Users\sudar\OneDrive\Desktop\JAVA\Spring Core\Demo\src\main\resources
2023-10-02 14:37:58,784 [Worker-3: Building] INFO  o.a.m.s.f.DefaultMavenResourcesFiltering - skip non existing resourceDirectory C:\Users\sudar\OneDrive\Desktop\JAVA\Spring Core\Demo\src\test\resources
2023-10-02 14:38:53,236 [Worker-3: Building] INFO  o.a.m.s.f.DefaultMavenResourcesFiltering - skip non existing resourceDirectory C:\Users\sudar\OneDrive\Desktop\JAVA\Spring Core\Demo\src\main\resources
2023-10-02 14:38:53,243 [Worker-3: Building] INFO  o.a.m.s.f.DefaultMavenResourcesFiltering - skip non existing resourceDirectory C:\Users\sudar\OneDrive\Desktop\JAVA\Spring Core\Demo\src\test\resources
2023-10-02 14:39:46,439 [Worker-10: Building] INFO  o.a.m.s.f.DefaultMavenResourcesFiltering - skip non existing resourceDirectory C:\Users\sudar\OneDrive\Desktop\JAVA\Spring Core\Demo\src\main\resources
2023-10-02 14:39:46,443 [Worker-10: Building] INFO  o.a.m.s.f.DefaultMavenResourcesFiltering - skip non existing resourceDirectory C:\Users\sudar\OneDrive\Desktop\JAVA\Spring Core\Demo\src\test\resources
2023-10-02 14:41:29,568 [Worker-15: Building] INFO  o.a.m.s.f.DefaultMavenResourcesFiltering - skip non existing resourceDirectory C:\Users\sudar\OneDrive\Desktop\JAVA\Spring Core\Demo\src\main\resources
2023-10-02 14:41:29,571 [Worker-15: Building] INFO  o.a.m.s.f.DefaultMavenResourcesFiltering - skip non existing resourceDirectory C:\Users\sudar\OneDrive\Desktop\JAVA\Spring Core\Demo\src\test\resources
2023-10-02 14:43:30,022 [Worker-3: Building] INFO  o.a.m.s.f.DefaultMavenResourcesFiltering - skip non existing resourceDirectory C:\Users\sudar\OneDrive\Desktop\JAVA\Spring Core\Demo\src\main\resources
2023-10-02 14:43:30,026 [Worker-3: Building] INFO  o.a.m.s.f.DefaultMavenResourcesFiltering - skip non existing resourceDirectory C:\Users\sudar\OneDrive\Desktop\JAVA\Spring Core\Demo\src\test\resources
2023-10-02 14:44:09,096 [Worker-8: Building] INFO  o.a.m.s.f.DefaultMavenResourcesFiltering - skip non existing resourceDirectory C:\Users\sudar\OneDrive\Desktop\JAVA\Spring Core\Demo\src\main\resources
2023-10-02 14:44:09,101 [Worker-8: Building] INFO  o.a.m.s.f.DefaultMavenResourcesFiltering - skip non existing resourceDirectory C:\Users\sudar\OneDrive\Desktop\JAVA\Spring Core\Demo\src\test\resources
2023-10-02 14:44:35,955 [Worker-14: Building] INFO  o.a.m.s.f.DefaultMavenResourcesFiltering - skip non existing resourceDirectory C:\Users\sudar\OneDrive\Desktop\JAVA\Spring Core\Demo\src\main\resources
2023-10-02 14:44:35,959 [Worker-14: Building] INFO  o.a.m.s.f.DefaultMavenResourcesFiltering - skip non existing resourceDirectory C:\Users\sudar\OneDrive\Desktop\JAVA\Spring Core\Demo\src\test\resources
2023-10-02 14:47:05,352 [Worker-16: Building] INFO  o.e.m.c.i.l.LifecycleMappingFactory - Using org.eclipse.m2e.jdt.JarLifecycleMapping lifecycle mapping for MavenProject: com.sudarshan:Demo:0.0.1-SNAPSHOT @ C:\Users\sudar\OneDrive\Desktop\JAVA\Spring Core\Demo\pom.xml.
2023-10-02 14:47:09,486 [Worker-16: Building] INFO  o.a.m.s.f.DefaultMavenResourcesFiltering - skip non existing resourceDirectory C:\Users\sudar\OneDrive\Desktop\JAVA\Spring Core\Demo\src\main\resources
2023-10-02 14:47:09,493 [Worker-16: Building] INFO  o.a.m.s.f.DefaultMavenResourcesFiltering - skip non existing resourceDirectory C:\Users\sudar\OneDrive\Desktop\JAVA\Spring Core\Demo\src\test\resources
2023-10-02 14:51:48,234 [Worker-21: Building] INFO  o.a.m.s.f.DefaultMavenResourcesFiltering - skip non existing resourceDirectory C:\Users\sudar\OneDrive\Desktop\JAVA\Spring Core\Demo\src\main\resources
2023-10-02 14:51:48,244 [Worker-21: Building] INFO  o.a.m.s.f.DefaultMavenResourcesFiltering - skip non existing resourceDirectory C:\Users\sudar\OneDrive\Desktop\JAVA\Spring Core\Demo\src\test\resources
2023-10-02 14:55:41,834 [Worker-20: Building] INFO  o.a.m.s.f.DefaultMavenResourcesFiltering - skip non existing resourceDirectory C:\Users\sudar\OneDrive\Desktop\JAVA\Spring Core\Demo\src\main\resources
2023-10-02 14:55:41,840 [Worker-20: Building] INFO  o.a.m.s.f.DefaultMavenResourcesFiltering - skip non existing resourceDirectory C:\Users\sudar\OneDrive\Desktop\JAVA\Spring Core\Demo\src\test\resources
2023-10-02 14:56:05,844 [Worker-22: Building] INFO  o.a.m.s.f.DefaultMavenResourcesFiltering - skip non existing resourceDirectory C:\Users\sudar\OneDrive\Desktop\JAVA\Spring Core\Demo\src\main\resources
2023-10-02 14:56:05,848 [Worker-22: Building] INFO  o.a.m.s.f.DefaultMavenResourcesFiltering - skip non existing resourceDirectory C:\Users\sudar\OneDrive\Desktop\JAVA\Spring Core\Demo\src\test\resources
2023-10-02 14:58:26,739 [Worker-16: Building] INFO  o.a.m.s.f.DefaultMavenResourcesFiltering - skip non existing resourceDirectory C:\Users\sudar\OneDrive\Desktop\JAVA\Spring Core\Demo\src\main\resources
2023-10-02 14:58:26,743 [Worker-16: Building] INFO  o.a.m.s.f.DefaultMavenResourcesFiltering - skip non existing resourceDirectory C:\Users\sudar\OneDrive\Desktop\JAVA\Spring Core\Demo\src\test\resources
2023-10-02 14:58:48,472 [Worker-20: Building] INFO  o.a.m.s.f.DefaultMavenResourcesFiltering - skip non existing resourceDirectory C:\Users\sudar\OneDrive\Desktop\JAVA\Spring Core\Demo\src\main\resources
2023-10-02 14:58:48,475 [Worker-20: Building] INFO  o.a.m.s.f.DefaultMavenResourcesFiltering - skip non existing resourceDirectory C:\Users\sudar\OneDrive\Desktop\JAVA\Spring Core\Demo\src\test\resources
2023-10-03 13:30:43,902 [Worker-1: Loading available Gradle versions] INFO  o.e.b.c.i.u.g.PublishedGradleVersions - Gradle version information cache is out-of-date. Trying to update.
2023-10-03 13:33:33,509 [Worker-1: Launching mavenrun-1ff58051-67e7-4ee5-8f19-b76fa3880805] INFO  o.eclipse.m2e.core.internal.Bundles - getClasspathEntries(Bundle=org.eclipse.m2e.maven.runtime_3.9.400.20230826-0755 [621])
2023-10-03 13:33:33,533 [Worker-1: Launching mavenrun-1ff58051-67e7-4ee5-8f19-b76fa3880805] INFO  o.eclipse.m2e.core.internal.Bundles - 	Entry: C:\Users\sudar\.p2\pool\plugins\org.eclipse.m2e.maven.runtime_3.9.400.20230826-0755
2023-10-03 13:33:33,534 [Worker-1: Launching mavenrun-1ff58051-67e7-4ee5-8f19-b76fa3880805] INFO  o.eclipse.m2e.core.internal.Bundles - 	Entry: C:\Users\sudar\.p2\pool\plugins\org.eclipse.m2e.maven.runtime_3.9.400.20230826-0755\jars\aether-connector-okhttp-0.17.8.jar
2023-10-03 13:33:33,535 [Worker-1: Launching mavenrun-1ff58051-67e7-4ee5-8f19-b76fa3880805] INFO  o.eclipse.m2e.core.internal.Bundles - 	Entry: C:\Users\sudar\.p2\pool\plugins\org.eclipse.m2e.maven.runtime_3.9.400.20230826-0755\jars\aopalliance-1.0.jar
2023-10-03 13:33:33,536 [Worker-1: Launching mavenrun-1ff58051-67e7-4ee5-8f19-b76fa3880805] INFO  o.eclipse.m2e.core.internal.Bundles - 	Entry: C:\Users\sudar\.p2\pool\plugins\org.eclipse.m2e.maven.runtime_3.9.400.20230826-0755\jars\commons-lang3-3.12.0.jar
2023-10-03 13:33:33,537 [Worker-1: Launching mavenrun-1ff58051-67e7-4ee5-8f19-b76fa3880805] INFO  o.eclipse.m2e.core.internal.Bundles - 	Entry: C:\Users\sudar\.p2\pool\plugins\org.eclipse.m2e.maven.runtime_3.9.400.20230826-0755\jars\guice-5.1.0.jar
2023-10-03 13:33:33,538 [Worker-1: Launching mavenrun-1ff58051-67e7-4ee5-8f19-b76fa3880805] INFO  o.eclipse.m2e.core.internal.Bundles - 	Entry: C:\Users\sudar\.p2\pool\plugins\org.eclipse.m2e.maven.runtime_3.9.400.20230826-0755\jars\jansi-2.4.0.jar
2023-10-03 13:33:33,539 [Worker-1: Launching mavenrun-1ff58051-67e7-4ee5-8f19-b76fa3880805] INFO  o.eclipse.m2e.core.internal.Bundles - 	Entry: C:\Users\sudar\.p2\pool\plugins\org.eclipse.m2e.maven.runtime_3.9.400.20230826-0755\jars\maven-artifact-3.9.4.jar
2023-10-03 13:33:33,540 [Worker-1: Launching mavenrun-1ff58051-67e7-4ee5-8f19-b76fa3880805] INFO  o.eclipse.m2e.core.internal.Bundles - 	Entry: C:\Users\sudar\.p2\pool\plugins\org.eclipse.m2e.maven.runtime_3.9.400.20230826-0755\jars\maven-builder-support-3.9.4.jar
2023-10-03 13:33:33,540 [Worker-1: Launching mavenrun-1ff58051-67e7-4ee5-8f19-b76fa3880805] INFO  o.eclipse.m2e.core.internal.Bundles - 	Entry: C:\Users\sudar\.p2\pool\plugins\org.eclipse.m2e.maven.runtime_3.9.400.20230826-0755\jars\maven-compat-3.9.4.jar
2023-10-03 13:33:33,541 [Worker-1: Launching mavenrun-1ff58051-67e7-4ee5-8f19-b76fa3880805] INFO  o.eclipse.m2e.core.internal.Bundles - 	Entry: C:\Users\sudar\.p2\pool\plugins\org.eclipse.m2e.maven.runtime_3.9.400.20230826-0755\jars\maven-core-3.9.4.jar
2023-10-03 13:33:33,541 [Worker-1: Launching mavenrun-1ff58051-67e7-4ee5-8f19-b76fa3880805] INFO  o.eclipse.m2e.core.internal.Bundles - 	Entry: C:\Users\sudar\.p2\pool\plugins\org.eclipse.m2e.maven.runtime_3.9.400.20230826-0755\jars\maven-embedder-3.9.4.jar
2023-10-03 13:33:33,541 [Worker-1: Launching mavenrun-1ff58051-67e7-4ee5-8f19-b76fa3880805] INFO  o.eclipse.m2e.core.internal.Bundles - 	Entry: C:\Users\sudar\.p2\pool\plugins\org.eclipse.m2e.maven.runtime_3.9.400.20230826-0755\jars\maven-model-3.9.4.jar
2023-10-03 13:33:33,542 [Worker-1: Launching mavenrun-1ff58051-67e7-4ee5-8f19-b76fa3880805] INFO  o.eclipse.m2e.core.internal.Bundles - 	Entry: C:\Users\sudar\.p2\pool\plugins\org.eclipse.m2e.maven.runtime_3.9.400.20230826-0755\jars\maven-model-builder-3.9.4.jar
2023-10-03 13:33:33,543 [Worker-1: Launching mavenrun-1ff58051-67e7-4ee5-8f19-b76fa3880805] INFO  o.eclipse.m2e.core.internal.Bundles - 	Entry: C:\Users\sudar\.p2\pool\plugins\org.eclipse.m2e.maven.runtime_3.9.400.20230826-0755\jars\maven-plugin-api-3.9.4.jar
2023-10-03 13:33:33,543 [Worker-1: Launching mavenrun-1ff58051-67e7-4ee5-8f19-b76fa3880805] INFO  o.eclipse.m2e.core.internal.Bundles - 	Entry: C:\Users\sudar\.p2\pool\plugins\org.eclipse.m2e.maven.runtime_3.9.400.20230826-0755\jars\maven-repository-metadata-3.9.4.jar
2023-10-03 13:33:33,544 [Worker-1: Launching mavenrun-1ff58051-67e7-4ee5-8f19-b76fa3880805] INFO  o.eclipse.m2e.core.internal.Bundles - 	Entry: C:\Users\sudar\.p2\pool\plugins\org.eclipse.m2e.maven.runtime_3.9.400.20230826-0755\jars\maven-resolver-api-1.9.14.jar
2023-10-03 13:33:33,545 [Worker-1: Launching mavenrun-1ff58051-67e7-4ee5-8f19-b76fa3880805] INFO  o.eclipse.m2e.core.internal.Bundles - 	Entry: C:\Users\sudar\.p2\pool\plugins\org.eclipse.m2e.maven.runtime_3.9.400.20230826-0755\jars\maven-resolver-connector-basic-1.9.14.jar
2023-10-03 13:33:33,545 [Worker-1: Launching mavenrun-1ff58051-67e7-4ee5-8f19-b76fa3880805] INFO  o.eclipse.m2e.core.internal.Bundles - 	Entry: C:\Users\sudar\.p2\pool\plugins\org.eclipse.m2e.maven.runtime_3.9.400.20230826-0755\jars\maven-resolver-impl-1.9.14.jar
2023-10-03 13:33:33,545 [Worker-1: Launching mavenrun-1ff58051-67e7-4ee5-8f19-b76fa3880805] INFO  o.eclipse.m2e.core.internal.Bundles - 	Entry: C:\Users\sudar\.p2\pool\plugins\org.eclipse.m2e.maven.runtime_3.9.400.20230826-0755\jars\maven-resolver-named-locks-1.9.14.jar
2023-10-03 13:33:33,546 [Worker-1: Launching mavenrun-1ff58051-67e7-4ee5-8f19-b76fa3880805] INFO  o.eclipse.m2e.core.internal.Bundles - 	Entry: C:\Users\sudar\.p2\pool\plugins\org.eclipse.m2e.maven.runtime_3.9.400.20230826-0755\jars\maven-resolver-provider-3.9.4.jar
2023-10-03 13:33:33,546 [Worker-1: Launching mavenrun-1ff58051-67e7-4ee5-8f19-b76fa3880805] INFO  o.eclipse.m2e.core.internal.Bundles - 	Entry: C:\Users\sudar\.p2\pool\plugins\org.eclipse.m2e.maven.runtime_3.9.400.20230826-0755\jars\maven-resolver-spi-1.9.14.jar
2023-10-03 13:33:33,546 [Worker-1: Launching mavenrun-1ff58051-67e7-4ee5-8f19-b76fa3880805] INFO  o.eclipse.m2e.core.internal.Bundles - 	Entry: C:\Users\sudar\.p2\pool\plugins\org.eclipse.m2e.maven.runtime_3.9.400.20230826-0755\jars\maven-resolver-transport-wagon-1.9.14.jar
2023-10-03 13:33:33,547 [Worker-1: Launching mavenrun-1ff58051-67e7-4ee5-8f19-b76fa3880805] INFO  o.eclipse.m2e.core.internal.Bundles - 	Entry: C:\Users\sudar\.p2\pool\plugins\org.eclipse.m2e.maven.runtime_3.9.400.20230826-0755\jars\maven-resolver-util-1.9.14.jar
2023-10-03 13:33:33,547 [Worker-1: Launching mavenrun-1ff58051-67e7-4ee5-8f19-b76fa3880805] INFO  o.eclipse.m2e.core.internal.Bundles - 	Entry: C:\Users\sudar\.p2\pool\plugins\org.eclipse.m2e.maven.runtime_3.9.400.20230826-0755\jars\maven-settings-3.9.4.jar
2023-10-03 13:33:33,547 [Worker-1: Launching mavenrun-1ff58051-67e7-4ee5-8f19-b76fa3880805] INFO  o.eclipse.m2e.core.internal.Bundles - 	Entry: C:\Users\sudar\.p2\pool\plugins\org.eclipse.m2e.maven.runtime_3.9.400.20230826-0755\jars\maven-settings-builder-3.9.4.jar
2023-10-03 13:33:33,548 [Worker-1: Launching mavenrun-1ff58051-67e7-4ee5-8f19-b76fa3880805] INFO  o.eclipse.m2e.core.internal.Bundles - 	Entry: C:\Users\sudar\.p2\pool\plugins\org.eclipse.m2e.maven.runtime_3.9.400.20230826-0755\jars\maven-shared-utils-3.3.4.jar
2023-10-03 13:33:33,548 [Worker-1: Launching mavenrun-1ff58051-67e7-4ee5-8f19-b76fa3880805] INFO  o.eclipse.m2e.core.internal.Bundles - 	Entry: C:\Users\sudar\.p2\pool\plugins\org.eclipse.m2e.maven.runtime_3.9.400.20230826-0755\jars\okhttp-3.14.1.jar
2023-10-03 13:33:33,549 [Worker-1: Launching mavenrun-1ff58051-67e7-4ee5-8f19-b76fa3880805] INFO  o.eclipse.m2e.core.internal.Bundles - 	Entry: C:\Users\sudar\.p2\pool\plugins\org.eclipse.m2e.maven.runtime_3.9.400.20230826-0755\jars\okio-1.17.3.jar
2023-10-03 13:33:33,549 [Worker-1: Launching mavenrun-1ff58051-67e7-4ee5-8f19-b76fa3880805] INFO  o.eclipse.m2e.core.internal.Bundles - 	Entry: C:\Users\sudar\.p2\pool\plugins\org.eclipse.m2e.maven.runtime_3.9.400.20230826-0755\jars\org.eclipse.sisu.inject-0.3.5.jar
2023-10-03 13:33:33,549 [Worker-1: Launching mavenrun-1ff58051-67e7-4ee5-8f19-b76fa3880805] INFO  o.eclipse.m2e.core.internal.Bundles - 	Entry: C:\Users\sudar\.p2\pool\plugins\org.eclipse.m2e.maven.runtime_3.9.400.20230826-0755\jars\org.eclipse.sisu.plexus-0.3.5.jar
2023-10-03 13:33:33,550 [Worker-1: Launching mavenrun-1ff58051-67e7-4ee5-8f19-b76fa3880805] INFO  o.eclipse.m2e.core.internal.Bundles - 	Entry: C:\Users\sudar\.p2\pool\plugins\org.eclipse.m2e.maven.runtime_3.9.400.20230826-0755\jars\plexus-build-api-0.0.7.jar
2023-10-03 13:33:33,551 [Worker-1: Launching mavenrun-1ff58051-67e7-4ee5-8f19-b76fa3880805] INFO  o.eclipse.m2e.core.internal.Bundles - 	Entry: C:\Users\sudar\.p2\pool\plugins\org.eclipse.m2e.maven.runtime_3.9.400.20230826-0755\jars\plexus-cipher-2.0.jar
2023-10-03 13:33:33,551 [Worker-1: Launching mavenrun-1ff58051-67e7-4ee5-8f19-b76fa3880805] INFO  o.eclipse.m2e.core.internal.Bundles - 	Entry: C:\Users\sudar\.p2\pool\plugins\org.eclipse.m2e.maven.runtime_3.9.400.20230826-0755\jars\plexus-classworlds-2.7.0.jar
2023-10-03 13:33:33,551 [Worker-1: Launching mavenrun-1ff58051-67e7-4ee5-8f19-b76fa3880805] INFO  o.eclipse.m2e.core.internal.Bundles - 	Entry: C:\Users\sudar\.p2\pool\plugins\org.eclipse.m2e.maven.runtime_3.9.400.20230826-0755\jars\plexus-component-annotations-2.1.0.jar
2023-10-03 13:33:33,552 [Worker-1: Launching mavenrun-1ff58051-67e7-4ee5-8f19-b76fa3880805] INFO  o.eclipse.m2e.core.internal.Bundles - 	Entry: C:\Users\sudar\.p2\pool\plugins\org.eclipse.m2e.maven.runtime_3.9.400.20230826-0755\jars\plexus-interpolation-1.26.jar
2023-10-03 13:33:33,552 [Worker-1: Launching mavenrun-1ff58051-67e7-4ee5-8f19-b76fa3880805] INFO  o.eclipse.m2e.core.internal.Bundles - 	Entry: C:\Users\sudar\.p2\pool\plugins\org.eclipse.m2e.maven.runtime_3.9.400.20230826-0755\jars\plexus-sec-dispatcher-2.0.jar
2023-10-03 13:33:33,553 [Worker-1: Launching mavenrun-1ff58051-67e7-4ee5-8f19-b76fa3880805] INFO  o.eclipse.m2e.core.internal.Bundles - 	Entry: C:\Users\sudar\.p2\pool\plugins\org.eclipse.m2e.maven.runtime_3.9.400.20230826-0755\jars\plexus-utils-3.5.1.jar
2023-10-03 13:33:33,553 [Worker-1: Launching mavenrun-1ff58051-67e7-4ee5-8f19-b76fa3880805] INFO  o.eclipse.m2e.core.internal.Bundles - 	Entry: C:\Users\sudar\.p2\pool\plugins\org.eclipse.m2e.maven.runtime_3.9.400.20230826-0755\jars\wagon-file-3.5.3.jar
2023-10-03 13:33:33,555 [Worker-1: Launching mavenrun-1ff58051-67e7-4ee5-8f19-b76fa3880805] INFO  o.eclipse.m2e.core.internal.Bundles - 	Entry: C:\Users\sudar\.p2\pool\plugins\org.eclipse.m2e.maven.runtime_3.9.400.20230826-0755\jars\wagon-provider-api-3.5.3.jar
2023-10-03 13:33:33,558 [Worker-1: Launching mavenrun-1ff58051-67e7-4ee5-8f19-b76fa3880805] INFO  o.eclipse.m2e.core.internal.Bundles - getClasspathEntries(Bundle=com.google.guava_32.1.2.jre [12])
2023-10-03 13:33:33,559 [Worker-1: Launching mavenrun-1ff58051-67e7-4ee5-8f19-b76fa3880805] INFO  o.eclipse.m2e.core.internal.Bundles - 	Entry: C:\Users\sudar\.p2\pool\plugins\com.google.guava_32.1.2.jre.jar
2023-10-03 13:33:33,559 [Worker-1: Launching mavenrun-1ff58051-67e7-4ee5-8f19-b76fa3880805] INFO  o.eclipse.m2e.core.internal.Bundles - getClasspathEntries(Bundle=slf4j.api_2.0.7 [982])
2023-10-03 13:33:33,560 [Worker-1: Launching mavenrun-1ff58051-67e7-4ee5-8f19-b76fa3880805] INFO  o.eclipse.m2e.core.internal.Bundles - 	Entry: C:\Users\sudar\.p2\pool\plugins\slf4j.api_2.0.7.jar
2023-10-03 13:33:33,561 [Worker-1: Launching mavenrun-1ff58051-67e7-4ee5-8f19-b76fa3880805] INFO  o.eclipse.m2e.core.internal.Bundles - getClasspathEntries(Bundle=javax.inject_1.0.0.v20220405-0441 [38])
2023-10-03 13:33:33,562 [Worker-1: Launching mavenrun-1ff58051-67e7-4ee5-8f19-b76fa3880805] INFO  o.eclipse.m2e.core.internal.Bundles - 	Entry: C:\Users\sudar\.p2\pool\plugins\javax.inject_1.0.0.v20220405-0441.jar
2023-10-03 13:33:33,562 [Worker-1: Launching mavenrun-1ff58051-67e7-4ee5-8f19-b76fa3880805] INFO  o.eclipse.m2e.core.internal.Bundles - getClasspathEntries(Bundle=javax.annotation_1.3.5.v20200909-1856 [36])
2023-10-03 13:33:33,563 [Worker-1: Launching mavenrun-1ff58051-67e7-4ee5-8f19-b76fa3880805] INFO  o.eclipse.m2e.core.internal.Bundles - 	Entry: C:\Users\sudar\.p2\pool\plugins\javax.annotation_1.3.5.v20200909-1856.jar
2023-10-03 13:33:33,563 [Worker-1: Launching mavenrun-1ff58051-67e7-4ee5-8f19-b76fa3880805] INFO  o.eclipse.m2e.core.internal.Bundles - getClasspathEntries(Bundle=org.apache.commons.cli_1.5.0 [73])
2023-10-03 13:33:33,564 [Worker-1: Launching mavenrun-1ff58051-67e7-4ee5-8f19-b76fa3880805] INFO  o.eclipse.m2e.core.internal.Bundles - 	Entry: C:\Users\sudar\.p2\pool\plugins\org.apache.commons.cli_1.5.0.jar
2023-10-03 13:33:33,564 [Worker-1: Launching mavenrun-1ff58051-67e7-4ee5-8f19-b76fa3880805] INFO  o.eclipse.m2e.core.internal.Bundles - getClasspathEntries(Bundle=com.google.guava.failureaccess_1.0.1 [14])
2023-10-03 13:33:33,566 [Worker-1: Launching mavenrun-1ff58051-67e7-4ee5-8f19-b76fa3880805] INFO  o.eclipse.m2e.core.internal.Bundles - 	Entry: C:\Users\sudar\.p2\pool\plugins\com.google.guava.failureaccess_1.0.1.jar
2023-10-03 13:33:33,573 [Worker-1: Launching mavenrun-1ff58051-67e7-4ee5-8f19-b76fa3880805] INFO  o.e.m.i.launch.MavenLaunchDelegate - Run build in "C:\Users\sudar\AppData\Local\Temp\m2e-archetypeGenerator5865609963331322122":
2023-10-03 13:33:33,580 [Worker-1: Launching mavenrun-1ff58051-67e7-4ee5-8f19-b76fa3880805] INFO  o.e.m.i.launch.MavenLaunchDelegate -  mvn  -DarchetypeGroupId=org.apache.maven.archetypes -DarchetypeArtifactId=maven-archetype-quickstart -DarchetypeVersion=1.1 -DgroupId=com.sudarshan -DartifactId=LiffeCycleMethods -Dversion=0.0.1-SNAPSHOT -Dpackage=com.sudarshan -DoutputDirectory="C:\Users\sudar\OneDrive\Desktop\JAVA\Spring Core" -Dstyle.color=always -U archetype:generate
2023-10-03 13:39:21,094 [Worker-2: Creating maven-archetype-quickstart] INFO  o.e.m.c.i.p.ProjectConfigurationManager - Collecting project info '/pom.xml' C:\Users\sudar\OneDrive\Desktop\JAVA\Spring Core\LiffeCycleMethods\pom.xml
2023-10-03 13:39:33,544 [Worker-2: Creating maven-archetype-quickstart] INFO  o.e.m.c.i.l.LifecycleMappingFactory - Using org.eclipse.m2e.jdt.JarLifecycleMapping lifecycle mapping for MavenProject: com.sudarshan:LiffeCycleMethods:0.0.1-SNAPSHOT @ C:\Users\sudar\OneDrive\Desktop\JAVA\Spring Core\LiffeCycleMethods\pom.xml.
2023-10-03 13:39:46,841 [Worker-2: Creating maven-archetype-quickstart] INFO  o.e.m.j.i.AbstractJavaProjectConfigurator - Adding source folder /LiffeCycleMethods/src/main/java
2023-10-03 13:39:46,842 [Worker-2: Creating maven-archetype-quickstart] INFO  o.e.m.j.i.AbstractJavaProjectConfigurator - Adding resource folder /LiffeCycleMethods/src/main/resources
2023-10-03 13:39:46,851 [Worker-2: Creating maven-archetype-quickstart] INFO  o.e.m.j.i.AbstractJavaProjectConfigurator - Adding source folder /LiffeCycleMethods/src/test/java
2023-10-03 13:39:46,852 [Worker-2: Creating maven-archetype-quickstart] INFO  o.e.m.j.i.AbstractJavaProjectConfigurator - Adding resource folder /LiffeCycleMethods/src/test/resources
2023-10-03 13:39:47,024 [Worker-2: Creating maven-archetype-quickstart] INFO  o.e.m.c.i.p.ProjectConfigurationManager - Imported and configured 1 project(s) in 25 sec
2023-10-03 13:39:48,093 [Worker-16: Building] INFO  o.a.m.s.f.DefaultMavenResourcesFiltering - skip non existing resourceDirectory C:\Users\sudar\OneDrive\Desktop\JAVA\Spring Core\LiffeCycleMethods\src\main\resources
2023-10-03 13:39:48,101 [Worker-16: Building] INFO  o.a.m.s.f.DefaultMavenResourcesFiltering - skip non existing resourceDirectory C:\Users\sudar\OneDrive\Desktop\JAVA\Spring Core\LiffeCycleMethods\src\test\resources
2023-10-03 13:40:49,906 [Worker-12: Building] INFO  o.a.m.s.f.DefaultMavenResourcesFiltering - skip non existing resourceDirectory C:\Users\sudar\OneDrive\Desktop\JAVA\Spring Core\LiffeCycleMethods\src\main\resources
2023-10-03 13:40:49,910 [Worker-12: Building] INFO  o.a.m.s.f.DefaultMavenResourcesFiltering - skip non existing resourceDirectory C:\Users\sudar\OneDrive\Desktop\JAVA\Spring Core\LiffeCycleMethods\src\test\resources
2023-10-11 22:29:05,392 [Worker-5: Loading available Gradle versions] INFO  o.e.b.c.i.u.g.PublishedGradleVersions - Gradle version information cache is out-of-date. Trying to update.
2023-10-11 22:29:20,611 [Worker-9: Building] INFO  o.a.m.s.f.DefaultMavenResourcesFiltering - skip non existing resourceDirectory C:\Users\sudar\OneDrive\Desktop\Spring Core\Demo\src\main\resources
2023-10-11 22:29:20,660 [Worker-9: Building] INFO  o.a.m.s.f.DefaultMavenResourcesFiltering - skip non existing resourceDirectory C:\Users\sudar\OneDrive\Desktop\Spring Core\Demo\src\test\resources
2023-10-11 22:29:24,691 [Worker-2: Building] INFO  o.a.m.s.f.DefaultMavenResourcesFiltering - skip non existing resourceDirectory C:\Users\sudar\OneDrive\Desktop\Spring Core\LiffeCycleMethods\src\main\resources
2023-10-11 22:29:24,698 [Worker-2: Building] INFO  o.a.m.s.f.DefaultMavenResourcesFiltering - skip non existing resourceDirectory C:\Users\sudar\OneDrive\Desktop\Spring Core\LiffeCycleMethods\src\test\resources
2023-10-11 22:30:07,028 [Worker-0: Launching mavenrun-ee73e8a0-9cd2-4e50-88a6-4b6abddfeea6] INFO  o.eclipse.m2e.core.internal.Bundles - getClasspathEntries(Bundle=org.eclipse.m2e.maven.runtime_3.9.400.20230826-0755 [621])
2023-10-11 22:30:07,036 [Worker-0: Launching mavenrun-ee73e8a0-9cd2-4e50-88a6-4b6abddfeea6] INFO  o.eclipse.m2e.core.internal.Bundles - 	Entry: C:\Users\sudar\.p2\pool\plugins\org.eclipse.m2e.maven.runtime_3.9.400.20230826-0755
2023-10-11 22:30:07,037 [Worker-0: Launching mavenrun-ee73e8a0-9cd2-4e50-88a6-4b6abddfeea6] INFO  o.eclipse.m2e.core.internal.Bundles - 	Entry: C:\Users\sudar\.p2\pool\plugins\org.eclipse.m2e.maven.runtime_3.9.400.20230826-0755\jars\aether-connector-okhttp-0.17.8.jar
2023-10-11 22:30:07,037 [Worker-0: Launching mavenrun-ee73e8a0-9cd2-4e50-88a6-4b6abddfeea6] INFO  o.eclipse.m2e.core.internal.Bundles - 	Entry: C:\Users\sudar\.p2\pool\plugins\org.eclipse.m2e.maven.runtime_3.9.400.20230826-0755\jars\aopalliance-1.0.jar
2023-10-11 22:30:07,037 [Worker-0: Launching mavenrun-ee73e8a0-9cd2-4e50-88a6-4b6abddfeea6] INFO  o.eclipse.m2e.core.internal.Bundles - 	Entry: C:\Users\sudar\.p2\pool\plugins\org.eclipse.m2e.maven.runtime_3.9.400.20230826-0755\jars\commons-lang3-3.12.0.jar
2023-10-11 22:30:07,038 [Worker-0: Launching mavenrun-ee73e8a0-9cd2-4e50-88a6-4b6abddfeea6] INFO  o.eclipse.m2e.core.internal.Bundles - 	Entry: C:\Users\sudar\.p2\pool\plugins\org.eclipse.m2e.maven.runtime_3.9.400.20230826-0755\jars\guice-5.1.0.jar
2023-10-11 22:30:07,038 [Worker-0: Launching mavenrun-ee73e8a0-9cd2-4e50-88a6-4b6abddfeea6] INFO  o.eclipse.m2e.core.internal.Bundles - 	Entry: C:\Users\sudar\.p2\pool\plugins\org.eclipse.m2e.maven.runtime_3.9.400.20230826-0755\jars\jansi-2.4.0.jar
2023-10-11 22:30:07,039 [Worker-0: Launching mavenrun-ee73e8a0-9cd2-4e50-88a6-4b6abddfeea6] INFO  o.eclipse.m2e.core.internal.Bundles - 	Entry: C:\Users\sudar\.p2\pool\plugins\org.eclipse.m2e.maven.runtime_3.9.400.20230826-0755\jars\maven-artifact-3.9.4.jar
2023-10-11 22:30:07,039 [Worker-0: Launching mavenrun-ee73e8a0-9cd2-4e50-88a6-4b6abddfeea6] INFO  o.eclipse.m2e.core.internal.Bundles - 	Entry: C:\Users\sudar\.p2\pool\plugins\org.eclipse.m2e.maven.runtime_3.9.400.20230826-0755\jars\maven-builder-support-3.9.4.jar
2023-10-11 22:30:07,040 [Worker-0: Launching mavenrun-ee73e8a0-9cd2-4e50-88a6-4b6abddfeea6] INFO  o.eclipse.m2e.core.internal.Bundles - 	Entry: C:\Users\sudar\.p2\pool\plugins\org.eclipse.m2e.maven.runtime_3.9.400.20230826-0755\jars\maven-compat-3.9.4.jar
2023-10-11 22:30:07,040 [Worker-0: Launching mavenrun-ee73e8a0-9cd2-4e50-88a6-4b6abddfeea6] INFO  o.eclipse.m2e.core.internal.Bundles - 	Entry: C:\Users\sudar\.p2\pool\plugins\org.eclipse.m2e.maven.runtime_3.9.400.20230826-0755\jars\maven-core-3.9.4.jar
2023-10-11 22:30:07,041 [Worker-0: Launching mavenrun-ee73e8a0-9cd2-4e50-88a6-4b6abddfeea6] INFO  o.eclipse.m2e.core.internal.Bundles - 	Entry: C:\Users\sudar\.p2\pool\plugins\org.eclipse.m2e.maven.runtime_3.9.400.20230826-0755\jars\maven-embedder-3.9.4.jar
2023-10-11 22:30:07,041 [Worker-0: Launching mavenrun-ee73e8a0-9cd2-4e50-88a6-4b6abddfeea6] INFO  o.eclipse.m2e.core.internal.Bundles - 	Entry: C:\Users\sudar\.p2\pool\plugins\org.eclipse.m2e.maven.runtime_3.9.400.20230826-0755\jars\maven-model-3.9.4.jar
2023-10-11 22:30:07,042 [Worker-0: Launching mavenrun-ee73e8a0-9cd2-4e50-88a6-4b6abddfeea6] INFO  o.eclipse.m2e.core.internal.Bundles - 	Entry: C:\Users\sudar\.p2\pool\plugins\org.eclipse.m2e.maven.runtime_3.9.400.20230826-0755\jars\maven-model-builder-3.9.4.jar
2023-10-11 22:30:07,042 [Worker-0: Launching mavenrun-ee73e8a0-9cd2-4e50-88a6-4b6abddfeea6] INFO  o.eclipse.m2e.core.internal.Bundles - 	Entry: C:\Users\sudar\.p2\pool\plugins\org.eclipse.m2e.maven.runtime_3.9.400.20230826-0755\jars\maven-plugin-api-3.9.4.jar
2023-10-11 22:30:07,043 [Worker-0: Launching mavenrun-ee73e8a0-9cd2-4e50-88a6-4b6abddfeea6] INFO  o.eclipse.m2e.core.internal.Bundles - 	Entry: C:\Users\sudar\.p2\pool\plugins\org.eclipse.m2e.maven.runtime_3.9.400.20230826-0755\jars\maven-repository-metadata-3.9.4.jar
2023-10-11 22:30:07,043 [Worker-0: Launching mavenrun-ee73e8a0-9cd2-4e50-88a6-4b6abddfeea6] INFO  o.eclipse.m2e.core.internal.Bundles - 	Entry: C:\Users\sudar\.p2\pool\plugins\org.eclipse.m2e.maven.runtime_3.9.400.20230826-0755\jars\maven-resolver-api-1.9.14.jar
2023-10-11 22:30:07,043 [Worker-0: Launching mavenrun-ee73e8a0-9cd2-4e50-88a6-4b6abddfeea6] INFO  o.eclipse.m2e.core.internal.Bundles - 	Entry: C:\Users\sudar\.p2\pool\plugins\org.eclipse.m2e.maven.runtime_3.9.400.20230826-0755\jars\maven-resolver-connector-basic-1.9.14.jar
2023-10-11 22:30:07,044 [Worker-0: Launching mavenrun-ee73e8a0-9cd2-4e50-88a6-4b6abddfeea6] INFO  o.eclipse.m2e.core.internal.Bundles - 	Entry: C:\Users\sudar\.p2\pool\plugins\org.eclipse.m2e.maven.runtime_3.9.400.20230826-0755\jars\maven-resolver-impl-1.9.14.jar
2023-10-11 22:30:07,044 [Worker-0: Launching mavenrun-ee73e8a0-9cd2-4e50-88a6-4b6abddfeea6] INFO  o.eclipse.m2e.core.internal.Bundles - 	Entry: C:\Users\sudar\.p2\pool\plugins\org.eclipse.m2e.maven.runtime_3.9.400.20230826-0755\jars\maven-resolver-named-locks-1.9.14.jar
2023-10-11 22:30:07,045 [Worker-0: Launching mavenrun-ee73e8a0-9cd2-4e50-88a6-4b6abddfeea6] INFO  o.eclipse.m2e.core.internal.Bundles - 	Entry: C:\Users\sudar\.p2\pool\plugins\org.eclipse.m2e.maven.runtime_3.9.400.20230826-0755\jars\maven-resolver-provider-3.9.4.jar
2023-10-11 22:30:07,045 [Worker-0: Launching mavenrun-ee73e8a0-9cd2-4e50-88a6-4b6abddfeea6] INFO  o.eclipse.m2e.core.internal.Bundles - 	Entry: C:\Users\sudar\.p2\pool\plugins\org.eclipse.m2e.maven.runtime_3.9.400.20230826-0755\jars\maven-resolver-spi-1.9.14.jar
2023-10-11 22:30:07,046 [Worker-0: Launching mavenrun-ee73e8a0-9cd2-4e50-88a6-4b6abddfeea6] INFO  o.eclipse.m2e.core.internal.Bundles - 	Entry: C:\Users\sudar\.p2\pool\plugins\org.eclipse.m2e.maven.runtime_3.9.400.20230826-0755\jars\maven-resolver-transport-wagon-1.9.14.jar
2023-10-11 22:30:07,046 [Worker-0: Launching mavenrun-ee73e8a0-9cd2-4e50-88a6-4b6abddfeea6] INFO  o.eclipse.m2e.core.internal.Bundles - 	Entry: C:\Users\sudar\.p2\pool\plugins\org.eclipse.m2e.maven.runtime_3.9.400.20230826-0755\jars\maven-resolver-util-1.9.14.jar
2023-10-11 22:30:07,046 [Worker-0: Launching mavenrun-ee73e8a0-9cd2-4e50-88a6-4b6abddfeea6] INFO  o.eclipse.m2e.core.internal.Bundles - 	Entry: C:\Users\sudar\.p2\pool\plugins\org.eclipse.m2e.maven.runtime_3.9.400.20230826-0755\jars\maven-settings-3.9.4.jar
2023-10-11 22:30:07,047 [Worker-0: Launching mavenrun-ee73e8a0-9cd2-4e50-88a6-4b6abddfeea6] INFO  o.eclipse.m2e.core.internal.Bundles - 	Entry: C:\Users\sudar\.p2\pool\plugins\org.eclipse.m2e.maven.runtime_3.9.400.20230826-0755\jars\maven-settings-builder-3.9.4.jar
2023-10-11 22:30:07,047 [Worker-0: Launching mavenrun-ee73e8a0-9cd2-4e50-88a6-4b6abddfeea6] INFO  o.eclipse.m2e.core.internal.Bundles - 	Entry: C:\Users\sudar\.p2\pool\plugins\org.eclipse.m2e.maven.runtime_3.9.400.20230826-0755\jars\maven-shared-utils-3.3.4.jar
2023-10-11 22:30:07,048 [Worker-0: Launching mavenrun-ee73e8a0-9cd2-4e50-88a6-4b6abddfeea6] INFO  o.eclipse.m2e.core.internal.Bundles - 	Entry: C:\Users\sudar\.p2\pool\plugins\org.eclipse.m2e.maven.runtime_3.9.400.20230826-0755\jars\okhttp-3.14.1.jar
2023-10-11 22:30:07,048 [Worker-0: Launching mavenrun-ee73e8a0-9cd2-4e50-88a6-4b6abddfeea6] INFO  o.eclipse.m2e.core.internal.Bundles - 	Entry: C:\Users\sudar\.p2\pool\plugins\org.eclipse.m2e.maven.runtime_3.9.400.20230826-0755\jars\okio-1.17.3.jar
2023-10-11 22:30:07,048 [Worker-0: Launching mavenrun-ee73e8a0-9cd2-4e50-88a6-4b6abddfeea6] INFO  o.eclipse.m2e.core.internal.Bundles - 	Entry: C:\Users\sudar\.p2\pool\plugins\org.eclipse.m2e.maven.runtime_3.9.400.20230826-0755\jars\org.eclipse.sisu.inject-0.3.5.jar
2023-10-11 22:30:07,049 [Worker-0: Launching mavenrun-ee73e8a0-9cd2-4e50-88a6-4b6abddfeea6] INFO  o.eclipse.m2e.core.internal.Bundles - 	Entry: C:\Users\sudar\.p2\pool\plugins\org.eclipse.m2e.maven.runtime_3.9.400.20230826-0755\jars\org.eclipse.sisu.plexus-0.3.5.jar
2023-10-11 22:30:07,049 [Worker-0: Launching mavenrun-ee73e8a0-9cd2-4e50-88a6-4b6abddfeea6] INFO  o.eclipse.m2e.core.internal.Bundles - 	Entry: C:\Users\sudar\.p2\pool\plugins\org.eclipse.m2e.maven.runtime_3.9.400.20230826-0755\jars\plexus-build-api-0.0.7.jar
2023-10-11 22:30:07,049 [Worker-0: Launching mavenrun-ee73e8a0-9cd2-4e50-88a6-4b6abddfeea6] INFO  o.eclipse.m2e.core.internal.Bundles - 	Entry: C:\Users\sudar\.p2\pool\plugins\org.eclipse.m2e.maven.runtime_3.9.400.20230826-0755\jars\plexus-cipher-2.0.jar
2023-10-11 22:30:07,049 [Worker-0: Launching mavenrun-ee73e8a0-9cd2-4e50-88a6-4b6abddfeea6] INFO  o.eclipse.m2e.core.internal.Bundles - 	Entry: C:\Users\sudar\.p2\pool\plugins\org.eclipse.m2e.maven.runtime_3.9.400.20230826-0755\jars\plexus-classworlds-2.7.0.jar
2023-10-11 22:30:07,050 [Worker-0: Launching mavenrun-ee73e8a0-9cd2-4e50-88a6-4b6abddfeea6] INFO  o.eclipse.m2e.core.internal.Bundles - 	Entry: C:\Users\sudar\.p2\pool\plugins\org.eclipse.m2e.maven.runtime_3.9.400.20230826-0755\jars\plexus-component-annotations-2.1.0.jar
2023-10-11 22:30:07,050 [Worker-0: Launching mavenrun-ee73e8a0-9cd2-4e50-88a6-4b6abddfeea6] INFO  o.eclipse.m2e.core.internal.Bundles - 	Entry: C:\Users\sudar\.p2\pool\plugins\org.eclipse.m2e.maven.runtime_3.9.400.20230826-0755\jars\plexus-interpolation-1.26.jar
2023-10-11 22:30:07,050 [Worker-0: Launching mavenrun-ee73e8a0-9cd2-4e50-88a6-4b6abddfeea6] INFO  o.eclipse.m2e.core.internal.Bundles - 	Entry: C:\Users\sudar\.p2\pool\plugins\org.eclipse.m2e.maven.runtime_3.9.400.20230826-0755\jars\plexus-sec-dispatcher-2.0.jar
2023-10-11 22:30:07,050 [Worker-0: Launching mavenrun-ee73e8a0-9cd2-4e50-88a6-4b6abddfeea6] INFO  o.eclipse.m2e.core.internal.Bundles - 	Entry: C:\Users\sudar\.p2\pool\plugins\org.eclipse.m2e.maven.runtime_3.9.400.20230826-0755\jars\plexus-utils-3.5.1.jar
2023-10-11 22:30:07,051 [Worker-0: Launching mavenrun-ee73e8a0-9cd2-4e50-88a6-4b6abddfeea6] INFO  o.eclipse.m2e.core.internal.Bundles - 	Entry: C:\Users\sudar\.p2\pool\plugins\org.eclipse.m2e.maven.runtime_3.9.400.20230826-0755\jars\wagon-file-3.5.3.jar
2023-10-11 22:30:07,051 [Worker-0: Launching mavenrun-ee73e8a0-9cd2-4e50-88a6-4b6abddfeea6] INFO  o.eclipse.m2e.core.internal.Bundles - 	Entry: C:\Users\sudar\.p2\pool\plugins\org.eclipse.m2e.maven.runtime_3.9.400.20230826-0755\jars\wagon-provider-api-3.5.3.jar
2023-10-11 22:30:07,053 [Worker-0: Launching mavenrun-ee73e8a0-9cd2-4e50-88a6-4b6abddfeea6] INFO  o.eclipse.m2e.core.internal.Bundles - getClasspathEntries(Bundle=com.google.guava_32.1.2.jre [12])
2023-10-11 22:30:07,054 [Worker-0: Launching mavenrun-ee73e8a0-9cd2-4e50-88a6-4b6abddfeea6] INFO  o.eclipse.m2e.core.internal.Bundles - 	Entry: C:\Users\sudar\.p2\pool\plugins\com.google.guava_32.1.2.jre.jar
2023-10-11 22:30:07,054 [Worker-0: Launching mavenrun-ee73e8a0-9cd2-4e50-88a6-4b6abddfeea6] INFO  o.eclipse.m2e.core.internal.Bundles - getClasspathEntries(Bundle=slf4j.api_2.0.7 [982])
2023-10-11 22:30:07,055 [Worker-0: Launching mavenrun-ee73e8a0-9cd2-4e50-88a6-4b6abddfeea6] INFO  o.eclipse.m2e.core.internal.Bundles - 	Entry: C:\Users\sudar\.p2\pool\plugins\slf4j.api_2.0.7.jar
2023-10-11 22:30:07,055 [Worker-0: Launching mavenrun-ee73e8a0-9cd2-4e50-88a6-4b6abddfeea6] INFO  o.eclipse.m2e.core.internal.Bundles - getClasspathEntries(Bundle=javax.inject_1.0.0.v20220405-0441 [38])
2023-10-11 22:30:07,055 [Worker-0: Launching mavenrun-ee73e8a0-9cd2-4e50-88a6-4b6abddfeea6] INFO  o.eclipse.m2e.core.internal.Bundles - 	Entry: C:\Users\sudar\.p2\pool\plugins\javax.inject_1.0.0.v20220405-0441.jar
2023-10-11 22:30:07,055 [Worker-0: Launching mavenrun-ee73e8a0-9cd2-4e50-88a6-4b6abddfeea6] INFO  o.eclipse.m2e.core.internal.Bundles - getClasspathEntries(Bundle=javax.annotation_1.3.5.v20200909-1856 [36])
2023-10-11 22:30:07,056 [Worker-0: Launching mavenrun-ee73e8a0-9cd2-4e50-88a6-4b6abddfeea6] INFO  o.eclipse.m2e.core.internal.Bundles - 	Entry: C:\Users\sudar\.p2\pool\plugins\javax.annotation_1.3.5.v20200909-1856.jar
2023-10-11 22:30:07,056 [Worker-0: Launching mavenrun-ee73e8a0-9cd2-4e50-88a6-4b6abddfeea6] INFO  o.eclipse.m2e.core.internal.Bundles - getClasspathEntries(Bundle=org.apache.commons.cli_1.5.0 [73])
2023-10-11 22:30:07,057 [Worker-0: Launching mavenrun-ee73e8a0-9cd2-4e50-88a6-4b6abddfeea6] INFO  o.eclipse.m2e.core.internal.Bundles - 	Entry: C:\Users\sudar\.p2\pool\plugins\org.apache.commons.cli_1.5.0.jar
2023-10-11 22:30:07,057 [Worker-0: Launching mavenrun-ee73e8a0-9cd2-4e50-88a6-4b6abddfeea6] INFO  o.eclipse.m2e.core.internal.Bundles - getClasspathEntries(Bundle=com.google.guava.failureaccess_1.0.1 [14])
2023-10-11 22:30:07,057 [Worker-0: Launching mavenrun-ee73e8a0-9cd2-4e50-88a6-4b6abddfeea6] INFO  o.eclipse.m2e.core.internal.Bundles - 	Entry: C:\Users\sudar\.p2\pool\plugins\com.google.guava.failureaccess_1.0.1.jar
2023-10-11 22:30:07,061 [Worker-0: Launching mavenrun-ee73e8a0-9cd2-4e50-88a6-4b6abddfeea6] INFO  o.e.m.i.launch.MavenLaunchDelegate - Run build in "C:\Users\sudar\AppData\Local\Temp\m2e-archetypeGenerator14410903428242920912":
2023-10-11 22:30:07,068 [Worker-0: Launching mavenrun-ee73e8a0-9cd2-4e50-88a6-4b6abddfeea6] INFO  o.e.m.i.launch.MavenLaunchDelegate -  mvn  -DarchetypeGroupId=org.apache.maven.archetypes -DarchetypeArtifactId=maven-archetype-quickstart -DarchetypeVersion=1.1 -DgroupId=com.sudarshan -DartifactId=SpringSPEL -Dversion=0.0.1-SNAPSHOT -Dpackage=com.sudarshan -DoutputDirectory="C:\Users\sudar\OneDrive\Desktop\Spring Core" -Dstyle.color=always -U archetype:generate
2023-10-11 22:31:39,410 [Worker-9: Creating maven-archetype-quickstart] INFO  o.e.m.c.i.p.ProjectConfigurationManager - Collecting project info '/pom.xml' C:\Users\sudar\OneDrive\Desktop\Spring Core\SpringSPEL\pom.xml
2023-10-11 22:31:40,415 [Worker-9: Creating maven-archetype-quickstart] INFO  o.e.m.c.i.l.LifecycleMappingFactory - Using org.eclipse.m2e.jdt.JarLifecycleMapping lifecycle mapping for MavenProject: com.sudarshan:SpringSPEL:0.0.1-SNAPSHOT @ C:\Users\sudar\OneDrive\Desktop\Spring Core\SpringSPEL\pom.xml.
2023-10-11 22:31:41,512 [Worker-9: Creating maven-archetype-quickstart] INFO  o.e.m.j.i.AbstractJavaProjectConfigurator - Adding source folder /SpringSPEL/src/main/java
2023-10-11 22:31:41,513 [Worker-9: Creating maven-archetype-quickstart] INFO  o.e.m.j.i.AbstractJavaProjectConfigurator - Adding resource folder /SpringSPEL/src/main/resources
2023-10-11 22:31:41,520 [Worker-9: Creating maven-archetype-quickstart] INFO  o.e.m.j.i.AbstractJavaProjectConfigurator - Adding source folder /SpringSPEL/src/test/java
2023-10-11 22:31:41,520 [Worker-9: Creating maven-archetype-quickstart] INFO  o.e.m.j.i.AbstractJavaProjectConfigurator - Adding resource folder /SpringSPEL/src/test/resources
2023-10-11 22:31:41,654 [Worker-9: Creating maven-archetype-quickstart] INFO  o.e.m.c.i.p.ProjectConfigurationManager - Imported and configured 1 project(s) in 2 sec
2023-10-11 22:31:42,807 [Worker-6: Building] INFO  o.a.m.s.f.DefaultMavenResourcesFiltering - skip non existing resourceDirectory C:\Users\sudar\OneDrive\Desktop\Spring Core\SpringSPEL\src\main\resources
2023-10-11 22:31:42,813 [Worker-6: Building] INFO  o.a.m.s.f.DefaultMavenResourcesFiltering - skip non existing resourceDirectory C:\Users\sudar\OneDrive\Desktop\Spring Core\SpringSPEL\src\test\resources
2023-10-11 22:31:57,554 [Worker-7: Building] INFO  o.e.m.c.i.l.LifecycleMappingFactory - Using org.eclipse.m2e.jdt.JarLifecycleMapping lifecycle mapping for MavenProject: com.sudarshan:LiffeCycleMethods:0.0.1-SNAPSHOT @ C:\Users\sudar\OneDrive\Desktop\Spring Core\LiffeCycleMethods\pom.xml.
2023-10-11 22:31:57,727 [Worker-7: Building] INFO  o.a.m.s.f.DefaultMavenResourcesFiltering - skip non existing resourceDirectory C:\Users\sudar\OneDrive\Desktop\Spring Core\LiffeCycleMethods\src\main\resources
2023-10-11 22:31:57,733 [Worker-7: Building] INFO  o.a.m.s.f.DefaultMavenResourcesFiltering - skip non existing resourceDirectory C:\Users\sudar\OneDrive\Desktop\Spring Core\LiffeCycleMethods\src\test\resources
2023-10-11 22:32:31,930 [Worker-2: Building] INFO  o.a.m.s.f.DefaultMavenResourcesFiltering - skip non existing resourceDirectory C:\Users\sudar\OneDrive\Desktop\Spring Core\LiffeCycleMethods\src\main\resources
2023-10-11 22:32:31,935 [Worker-2: Building] INFO  o.a.m.s.f.DefaultMavenResourcesFiltering - skip non existing resourceDirectory C:\Users\sudar\OneDrive\Desktop\Spring Core\LiffeCycleMethods\src\test\resources
2023-10-11 22:33:37,475 [Worker-1: Building] INFO  o.a.m.s.f.DefaultMavenResourcesFiltering - skip non existing resourceDirectory C:\Users\sudar\OneDrive\Desktop\Spring Core\LiffeCycleMethods\src\main\resources
2023-10-11 22:33:37,479 [Worker-1: Building] INFO  o.a.m.s.f.DefaultMavenResourcesFiltering - skip non existing resourceDirectory C:\Users\sudar\OneDrive\Desktop\Spring Core\LiffeCycleMethods\src\test\resources
2023-10-11 22:38:10,074 [Worker-11: Building] INFO  o.a.m.s.f.DefaultMavenResourcesFiltering - skip non existing resourceDirectory C:\Users\sudar\OneDrive\Desktop\Spring Core\LiffeCycleMethods\src\main\resources
2023-10-11 22:38:10,079 [Worker-11: Building] INFO  o.a.m.s.f.DefaultMavenResourcesFiltering - skip non existing resourceDirectory C:\Users\sudar\OneDrive\Desktop\Spring Core\LiffeCycleMethods\src\test\resources
2023-10-11 22:39:07,466 [Worker-14: Building] INFO  o.a.m.s.f.DefaultMavenResourcesFiltering - skip non existing resourceDirectory C:\Users\sudar\OneDrive\Desktop\Spring Core\LiffeCycleMethods\src\main\resources
2023-10-11 22:39:07,484 [Worker-14: Building] INFO  o.a.m.s.f.DefaultMavenResourcesFiltering - skip non existing resourceDirectory C:\Users\sudar\OneDrive\Desktop\Spring Core\LiffeCycleMethods\src\test\resources
2023-10-11 22:40:52,270 [Worker-16: Building] INFO  o.a.m.s.f.DefaultMavenResourcesFiltering - skip non existing resourceDirectory C:\Users\sudar\OneDrive\Desktop\Spring Core\LiffeCycleMethods\src\main\resources
2023-10-11 22:40:52,274 [Worker-16: Building] INFO  o.a.m.s.f.DefaultMavenResourcesFiltering - skip non existing resourceDirectory C:\Users\sudar\OneDrive\Desktop\Spring Core\LiffeCycleMethods\src\test\resources
2023-10-11 22:42:35,495 [Worker-6: Building] INFO  o.a.m.s.f.DefaultMavenResourcesFiltering - skip non existing resourceDirectory C:\Users\sudar\OneDrive\Desktop\Spring Core\LiffeCycleMethods\src\main\resources
2023-10-11 22:42:35,499 [Worker-6: Building] INFO  o.a.m.s.f.DefaultMavenResourcesFiltering - skip non existing resourceDirectory C:\Users\sudar\OneDrive\Desktop\Spring Core\LiffeCycleMethods\src\test\resources
2023-10-11 22:43:33,578 [Worker-11: Building] INFO  o.a.m.s.f.DefaultMavenResourcesFiltering - skip non existing resourceDirectory C:\Users\sudar\OneDrive\Desktop\Spring Core\LiffeCycleMethods\src\main\resources
2023-10-11 22:43:33,581 [Worker-11: Building] INFO  o.a.m.s.f.DefaultMavenResourcesFiltering - skip non existing resourceDirectory C:\Users\sudar\OneDrive\Desktop\Spring Core\LiffeCycleMethods\src\test\resources
2023-10-11 22:43:48,005 [Worker-15: Building] INFO  o.a.m.s.f.DefaultMavenResourcesFiltering - skip non existing resourceDirectory C:\Users\sudar\OneDrive\Desktop\Spring Core\LiffeCycleMethods\src\main\resources
2023-10-11 22:43:48,008 [Worker-15: Building] INFO  o.a.m.s.f.DefaultMavenResourcesFiltering - skip non existing resourceDirectory C:\Users\sudar\OneDrive\Desktop\Spring Core\LiffeCycleMethods\src\test\resources
2023-10-11 22:44:44,358 [Worker-15: Building] INFO  o.a.m.s.f.DefaultMavenResourcesFiltering - skip non existing resourceDirectory C:\Users\sudar\OneDrive\Desktop\Spring Core\LiffeCycleMethods\src\main\resources
2023-10-11 22:44:44,360 [Worker-15: Building] INFO  o.a.m.s.f.DefaultMavenResourcesFiltering - skip non existing resourceDirectory C:\Users\sudar\OneDrive\Desktop\Spring Core\LiffeCycleMethods\src\test\resources
2023-10-11 22:48:22,947 [Worker-11: Building] INFO  o.a.m.s.f.DefaultMavenResourcesFiltering - skip non existing resourceDirectory C:\Users\sudar\OneDrive\Desktop\Spring Core\LiffeCycleMethods\src\main\resources
2023-10-11 22:48:22,952 [Worker-11: Building] INFO  o.a.m.s.f.DefaultMavenResourcesFiltering - skip non existing resourceDirectory C:\Users\sudar\OneDrive\Desktop\Spring Core\LiffeCycleMethods\src\test\resources
2023-10-11 22:48:41,506 [Worker-16: Building] INFO  o.a.m.s.f.DefaultMavenResourcesFiltering - skip non existing resourceDirectory C:\Users\sudar\OneDrive\Desktop\Spring Core\LiffeCycleMethods\src\main\resources
2023-10-11 22:48:41,510 [Worker-16: Building] INFO  o.a.m.s.f.DefaultMavenResourcesFiltering - skip non existing resourceDirectory C:\Users\sudar\OneDrive\Desktop\Spring Core\LiffeCycleMethods\src\test\resources
2023-10-11 22:48:55,019 [Worker-14: Building] INFO  o.a.m.s.f.DefaultMavenResourcesFiltering - skip non existing resourceDirectory C:\Users\sudar\OneDrive\Desktop\Spring Core\LiffeCycleMethods\src\main\resources
2023-10-11 22:48:55,023 [Worker-14: Building] INFO  o.a.m.s.f.DefaultMavenResourcesFiltering - skip non existing resourceDirectory C:\Users\sudar\OneDrive\Desktop\Spring Core\LiffeCycleMethods\src\test\resources
2023-10-11 22:49:27,800 [Worker-15: Building] INFO  o.a.m.s.f.DefaultMavenResourcesFiltering - skip non existing resourceDirectory C:\Users\sudar\OneDrive\Desktop\Spring Core\LiffeCycleMethods\src\main\resources
2023-10-11 22:49:27,804 [Worker-15: Building] INFO  o.a.m.s.f.DefaultMavenResourcesFiltering - skip non existing resourceDirectory C:\Users\sudar\OneDrive\Desktop\Spring Core\LiffeCycleMethods\src\test\resources
2023-10-11 22:51:33,906 [Worker-6: Building] INFO  o.a.m.s.f.DefaultMavenResourcesFiltering - skip non existing resourceDirectory C:\Users\sudar\OneDrive\Desktop\Spring Core\LiffeCycleMethods\src\main\resources
2023-10-11 22:51:33,909 [Worker-6: Building] INFO  o.a.m.s.f.DefaultMavenResourcesFiltering - skip non existing resourceDirectory C:\Users\sudar\OneDrive\Desktop\Spring Core\LiffeCycleMethods\src\test\resources
2023-10-11 22:52:46,143 [Worker-16: Building] INFO  o.a.m.s.f.DefaultMavenResourcesFiltering - skip non existing resourceDirectory C:\Users\sudar\OneDrive\Desktop\Spring Core\LiffeCycleMethods\src\main\resources
2023-10-11 22:52:46,146 [Worker-16: Building] INFO  o.a.m.s.f.DefaultMavenResourcesFiltering - skip non existing resourceDirectory C:\Users\sudar\OneDrive\Desktop\Spring Core\LiffeCycleMethods\src\test\resources
2023-10-11 22:53:05,459 [Worker-6: Building] INFO  o.a.m.s.f.DefaultMavenResourcesFiltering - skip non existing resourceDirectory C:\Users\sudar\OneDrive\Desktop\Spring Core\LiffeCycleMethods\src\main\resources
2023-10-11 22:53:05,462 [Worker-6: Building] INFO  o.a.m.s.f.DefaultMavenResourcesFiltering - skip non existing resourceDirectory C:\Users\sudar\OneDrive\Desktop\Spring Core\LiffeCycleMethods\src\test\resources
2023-10-11 22:53:24,857 [Worker-18: Building] INFO  o.a.m.s.f.DefaultMavenResourcesFiltering - skip non existing resourceDirectory C:\Users\sudar\OneDrive\Desktop\Spring Core\LiffeCycleMethods\src\main\resources
2023-10-11 22:53:24,860 [Worker-18: Building] INFO  o.a.m.s.f.DefaultMavenResourcesFiltering - skip non existing resourceDirectory C:\Users\sudar\OneDrive\Desktop\Spring Core\LiffeCycleMethods\src\test\resources
2023-10-11 22:53:45,819 [Worker-18: Building] INFO  o.a.m.s.f.DefaultMavenResourcesFiltering - skip non existing resourceDirectory C:\Users\sudar\OneDrive\Desktop\Spring Core\LiffeCycleMethods\src\main\resources
2023-10-11 22:53:45,822 [Worker-18: Building] INFO  o.a.m.s.f.DefaultMavenResourcesFiltering - skip non existing resourceDirectory C:\Users\sudar\OneDrive\Desktop\Spring Core\LiffeCycleMethods\src\test\resources
2023-10-11 22:54:30,889 [Worker-19: Building] INFO  o.e.m.c.i.l.LifecycleMappingFactory - Using org.eclipse.m2e.jdt.JarLifecycleMapping lifecycle mapping for MavenProject: com.sudarshan:SpringSPEL:0.0.1-SNAPSHOT @ C:\Users\sudar\OneDrive\Desktop\Spring Core\SpringSPEL\pom.xml.
2023-10-11 22:54:31,022 [Worker-19: Building] INFO  o.a.m.s.f.DefaultMavenResourcesFiltering - skip non existing resourceDirectory C:\Users\sudar\OneDrive\Desktop\Spring Core\SpringSPEL\src\main\resources
2023-10-11 22:54:31,025 [Worker-19: Building] INFO  o.a.m.s.f.DefaultMavenResourcesFiltering - skip non existing resourceDirectory C:\Users\sudar\OneDrive\Desktop\Spring Core\SpringSPEL\src\test\resources
2023-10-11 22:54:32,600 [Worker-16: Building] INFO  o.e.m.c.i.l.LifecycleMappingFactory - Using org.eclipse.m2e.jdt.JarLifecycleMapping lifecycle mapping for MavenProject: com.sudarshan:SpringSPEL:0.0.1-SNAPSHOT @ C:\Users\sudar\OneDrive\Desktop\Spring Core\SpringSPEL\pom.xml.
2023-10-11 22:54:32,738 [Worker-16: Building] INFO  o.a.m.s.f.DefaultMavenResourcesFiltering - skip non existing resourceDirectory C:\Users\sudar\OneDrive\Desktop\Spring Core\SpringSPEL\src\main\resources
2023-10-11 22:54:32,742 [Worker-16: Building] INFO  o.a.m.s.f.DefaultMavenResourcesFiltering - skip non existing resourceDirectory C:\Users\sudar\OneDrive\Desktop\Spring Core\SpringSPEL\src\test\resources
2023-10-11 22:54:52,225 [Worker-6: Building] INFO  o.a.m.s.f.DefaultMavenResourcesFiltering - skip non existing resourceDirectory C:\Users\sudar\OneDrive\Desktop\Spring Core\SpringSPEL\src\main\resources
2023-10-11 22:54:52,229 [Worker-6: Building] INFO  o.a.m.s.f.DefaultMavenResourcesFiltering - skip non existing resourceDirectory C:\Users\sudar\OneDrive\Desktop\Spring Core\SpringSPEL\src\test\resources
2023-10-11 22:55:15,500 [Worker-16: Building] INFO  o.a.m.s.f.DefaultMavenResourcesFiltering - skip non existing resourceDirectory C:\Users\sudar\OneDrive\Desktop\Spring Core\SpringSPEL\src\main\resources
2023-10-11 22:55:15,503 [Worker-16: Building] INFO  o.a.m.s.f.DefaultMavenResourcesFiltering - skip non existing resourceDirectory C:\Users\sudar\OneDrive\Desktop\Spring Core\SpringSPEL\src\test\resources
2023-10-11 22:56:49,368 [Worker-18: Building] INFO  o.a.m.s.f.DefaultMavenResourcesFiltering - skip non existing resourceDirectory C:\Users\sudar\OneDrive\Desktop\Spring Core\SpringSPEL\src\main\resources
2023-10-11 22:56:49,371 [Worker-18: Building] INFO  o.a.m.s.f.DefaultMavenResourcesFiltering - skip non existing resourceDirectory C:\Users\sudar\OneDrive\Desktop\Spring Core\SpringSPEL\src\test\resources
2023-10-11 22:57:11,859 [Worker-16: Building] INFO  o.a.m.s.f.DefaultMavenResourcesFiltering - skip non existing resourceDirectory C:\Users\sudar\OneDrive\Desktop\Spring Core\SpringSPEL\src\main\resources
2023-10-11 22:57:11,865 [Worker-16: Building] INFO  o.a.m.s.f.DefaultMavenResourcesFiltering - skip non existing resourceDirectory C:\Users\sudar\OneDrive\Desktop\Spring Core\SpringSPEL\src\test\resources
2023-10-11 23:00:26,670 [Worker-17: Building] INFO  o.a.m.s.f.DefaultMavenResourcesFiltering - skip non existing resourceDirectory C:\Users\sudar\OneDrive\Desktop\Spring Core\SpringSPEL\src\main\resources
2023-10-11 23:00:26,674 [Worker-17: Building] INFO  o.a.m.s.f.DefaultMavenResourcesFiltering - skip non existing resourceDirectory C:\Users\sudar\OneDrive\Desktop\Spring Core\SpringSPEL\src\test\resources
2023-10-11 23:00:49,453 [Worker-6: Building] INFO  o.a.m.s.f.DefaultMavenResourcesFiltering - skip non existing resourceDirectory C:\Users\sudar\OneDrive\Desktop\Spring Core\SpringSPEL\src\main\resources
2023-10-11 23:00:49,456 [Worker-6: Building] INFO  o.a.m.s.f.DefaultMavenResourcesFiltering - skip non existing resourceDirectory C:\Users\sudar\OneDrive\Desktop\Spring Core\SpringSPEL\src\test\resources
2023-10-11 23:02:20,882 [Worker-25: Building] INFO  o.e.m.c.i.l.LifecycleMappingFactory - Using org.eclipse.m2e.jdt.JarLifecycleMapping lifecycle mapping for MavenProject: com.sudarshan:SpringSPEL:0.0.1-SNAPSHOT @ C:\Users\sudar\OneDrive\Desktop\Spring Core\SpringSPEL\pom.xml.
2023-10-11 23:02:24,110 [Worker-25: Building] INFO  o.e.m.c.i.e.AbstractTransferListenerAdapter - Downloading https://repo.maven.apache.org/maven2/javax/annotation/javax.annotation-api/1.3.1/javax.annotation-api-1.3.1.pom
2023-10-11 23:02:25,089 [Worker-25: Building] INFO  o.e.m.c.i.e.AbstractTransferListenerAdapter - Downloaded https://repo.maven.apache.org/maven2/javax/annotation/javax.annotation-api/1.3.1/javax.annotation-api-1.3.1.pom
2023-10-11 23:02:25,348 [Worker-25: Building] INFO  o.e.m.c.i.e.AbstractTransferListenerAdapter - Downloading https://repo.maven.apache.org/maven2/net/java/jvnet-parent/3/jvnet-parent-3.pom
2023-10-11 23:02:26,106 [Worker-25: Building] INFO  o.e.m.c.i.e.AbstractTransferListenerAdapter - Downloaded https://repo.maven.apache.org/maven2/net/java/jvnet-parent/3/jvnet-parent-3.pom
2023-10-11 23:02:26,372 [Worker-25: Building] INFO  o.e.m.c.i.e.AbstractTransferListenerAdapter - Downloading https://repo.maven.apache.org/maven2/javax/annotation/javax.annotation-api/1.3.1/javax.annotation-api-1.3.1.jar
2023-10-11 23:02:27,285 [Worker-25: Building] INFO  o.e.m.c.i.e.AbstractTransferListenerAdapter - Downloaded https://repo.maven.apache.org/maven2/javax/annotation/javax.annotation-api/1.3.1/javax.annotation-api-1.3.1.jar
2023-10-11 23:02:27,421 [Worker-25: Building] INFO  o.a.m.s.f.DefaultMavenResourcesFiltering - skip non existing resourceDirectory C:\Users\sudar\OneDrive\Desktop\Spring Core\SpringSPEL\src\main\resources
2023-10-11 23:02:27,426 [Worker-25: Building] INFO  o.a.m.s.f.DefaultMavenResourcesFiltering - skip non existing resourceDirectory C:\Users\sudar\OneDrive\Desktop\Spring Core\SpringSPEL\src\test\resources
2023-10-11 23:02:28,754 [Worker-22: Download sources and javadoc] INFO  o.e.m.c.i.e.AbstractTransferListenerAdapter - Downloading https://repo.maven.apache.org/maven2/javax/annotation/javax.annotation-api/1.3.1/javax.annotation-api-1.3.1-sources.jar
2023-10-11 23:02:29,041 [Worker-22: Download sources and javadoc] INFO  o.e.m.c.i.e.AbstractTransferListenerAdapter - Downloaded https://repo.maven.apache.org/maven2/javax/annotation/javax.annotation-api/1.3.1/javax.annotation-api-1.3.1-sources.jar
2023-10-11 23:02:29,050 [Worker-22: Download sources and javadoc] INFO  o.e.m.j.internal.DownloadSourcesJob - Downloaded sources for javax.annotation:javax.annotation-api:1.3.1
2023-10-11 23:03:24,471 [Worker-26: Building] INFO  o.a.m.s.f.DefaultMavenResourcesFiltering - skip non existing resourceDirectory C:\Users\sudar\OneDrive\Desktop\Spring Core\SpringSPEL\src\main\resources
2023-10-11 23:03:24,474 [Worker-26: Building] INFO  o.a.m.s.f.DefaultMavenResourcesFiltering - skip non existing resourceDirectory C:\Users\sudar\OneDrive\Desktop\Spring Core\SpringSPEL\src\test\resources
2023-10-11 23:03:45,850 [Worker-26: Building] INFO  o.a.m.s.f.DefaultMavenResourcesFiltering - skip non existing resourceDirectory C:\Users\sudar\OneDrive\Desktop\Spring Core\SpringSPEL\src\main\resources
2023-10-11 23:03:45,853 [Worker-26: Building] INFO  o.a.m.s.f.DefaultMavenResourcesFiltering - skip non existing resourceDirectory C:\Users\sudar\OneDrive\Desktop\Spring Core\SpringSPEL\src\test\resources
2023-10-11 23:04:15,245 [Worker-25: Building] INFO  o.a.m.s.f.DefaultMavenResourcesFiltering - skip non existing resourceDirectory C:\Users\sudar\OneDrive\Desktop\Spring Core\SpringSPEL\src\main\resources
2023-10-11 23:04:15,248 [Worker-25: Building] INFO  o.a.m.s.f.DefaultMavenResourcesFiltering - skip non existing resourceDirectory C:\Users\sudar\OneDrive\Desktop\Spring Core\SpringSPEL\src\test\resources
2023-10-11 23:05:34,743 [Worker-25: Building] INFO  o.a.m.s.f.DefaultMavenResourcesFiltering - skip non existing resourceDirectory C:\Users\sudar\OneDrive\Desktop\Spring Core\SpringSPEL\src\main\resources
2023-10-11 23:05:34,747 [Worker-25: Building] INFO  o.a.m.s.f.DefaultMavenResourcesFiltering - skip non existing resourceDirectory C:\Users\sudar\OneDrive\Desktop\Spring Core\SpringSPEL\src\test\resources
2023-10-11 23:06:50,130 [Worker-6: Building] INFO  o.a.m.s.f.DefaultMavenResourcesFiltering - skip non existing resourceDirectory C:\Users\sudar\OneDrive\Desktop\Spring Core\SpringSPEL\src\main\resources
2023-10-11 23:06:50,133 [Worker-6: Building] INFO  o.a.m.s.f.DefaultMavenResourcesFiltering - skip non existing resourceDirectory C:\Users\sudar\OneDrive\Desktop\Spring Core\SpringSPEL\src\test\resources
2023-10-11 23:07:12,260 [Worker-22: Building] INFO  o.a.m.s.f.DefaultMavenResourcesFiltering - skip non existing resourceDirectory C:\Users\sudar\OneDrive\Desktop\Spring Core\SpringSPEL\src\main\resources
2023-10-11 23:07:12,263 [Worker-22: Building] INFO  o.a.m.s.f.DefaultMavenResourcesFiltering - skip non existing resourceDirectory C:\Users\sudar\OneDrive\Desktop\Spring Core\SpringSPEL\src\test\resources
2023-10-11 23:08:15,859 [Worker-22: Building] INFO  o.a.m.s.f.DefaultMavenResourcesFiltering - skip non existing resourceDirectory C:\Users\sudar\OneDrive\Desktop\Spring Core\SpringSPEL\src\main\resources
2023-10-11 23:08:15,862 [Worker-22: Building] INFO  o.a.m.s.f.DefaultMavenResourcesFiltering - skip non existing resourceDirectory C:\Users\sudar\OneDrive\Desktop\Spring Core\SpringSPEL\src\test\resources
2023-10-11 23:10:09,783 [Worker-26: Building] INFO  o.a.m.s.f.DefaultMavenResourcesFiltering - skip non existing resourceDirectory C:\Users\sudar\OneDrive\Desktop\Spring Core\SpringSPEL\src\main\resources
2023-10-11 23:10:09,786 [Worker-26: Building] INFO  o.a.m.s.f.DefaultMavenResourcesFiltering - skip non existing resourceDirectory C:\Users\sudar\OneDrive\Desktop\Spring Core\SpringSPEL\src\test\resources
2023-10-11 23:10:34,118 [Worker-22: Building] INFO  o.a.m.s.f.DefaultMavenResourcesFiltering - skip non existing resourceDirectory C:\Users\sudar\OneDrive\Desktop\Spring Core\SpringSPEL\src\main\resources
2023-10-11 23:10:34,122 [Worker-22: Building] INFO  o.a.m.s.f.DefaultMavenResourcesFiltering - skip non existing resourceDirectory C:\Users\sudar\OneDrive\Desktop\Spring Core\SpringSPEL\src\test\resources
2023-10-11 23:10:44,138 [Worker-17: Building] INFO  o.a.m.s.f.DefaultMavenResourcesFiltering - skip non existing resourceDirectory C:\Users\sudar\OneDrive\Desktop\Spring Core\SpringSPEL\src\main\resources
2023-10-11 23:10:44,141 [Worker-17: Building] INFO  o.a.m.s.f.DefaultMavenResourcesFiltering - skip non existing resourceDirectory C:\Users\sudar\OneDrive\Desktop\Spring Core\SpringSPEL\src\test\resources
2023-10-11 23:11:07,422 [Worker-6: Building] INFO  o.a.m.s.f.DefaultMavenResourcesFiltering - skip non existing resourceDirectory C:\Users\sudar\OneDrive\Desktop\Spring Core\SpringSPEL\src\main\resources
2023-10-11 23:11:07,425 [Worker-6: Building] INFO  o.a.m.s.f.DefaultMavenResourcesFiltering - skip non existing resourceDirectory C:\Users\sudar\OneDrive\Desktop\Spring Core\SpringSPEL\src\test\resources
2023-10-11 23:15:46,436 [Worker-6: Building] INFO  o.a.m.s.f.DefaultMavenResourcesFiltering - skip non existing resourceDirectory C:\Users\sudar\OneDrive\Desktop\Spring Core\SpringSPEL\src\main\resources
2023-10-11 23:15:46,439 [Worker-6: Building] INFO  o.a.m.s.f.DefaultMavenResourcesFiltering - skip non existing resourceDirectory C:\Users\sudar\OneDrive\Desktop\Spring Core\SpringSPEL\src\test\resources
2023-10-11 23:15:55,466 [Worker-28: Building] INFO  o.a.m.s.f.DefaultMavenResourcesFiltering - skip non existing resourceDirectory C:\Users\sudar\OneDrive\Desktop\Spring Core\SpringSPEL\src\main\resources
2023-10-11 23:15:55,469 [Worker-28: Building] INFO  o.a.m.s.f.DefaultMavenResourcesFiltering - skip non existing resourceDirectory C:\Users\sudar\OneDrive\Desktop\Spring Core\SpringSPEL\src\test\resources
2023-10-11 23:16:18,124 [Worker-29: Building] INFO  o.a.m.s.f.DefaultMavenResourcesFiltering - skip non existing resourceDirectory C:\Users\sudar\OneDrive\Desktop\Spring Core\SpringSPEL\src\main\resources
2023-10-11 23:16:18,127 [Worker-29: Building] INFO  o.a.m.s.f.DefaultMavenResourcesFiltering - skip non existing resourceDirectory C:\Users\sudar\OneDrive\Desktop\Spring Core\SpringSPEL\src\test\resources
2023-10-11 23:16:36,133 [Worker-29: Building] INFO  o.a.m.s.f.DefaultMavenResourcesFiltering - skip non existing resourceDirectory C:\Users\sudar\OneDrive\Desktop\Spring Core\SpringSPEL\src\main\resources
2023-10-11 23:16:36,137 [Worker-29: Building] INFO  o.a.m.s.f.DefaultMavenResourcesFiltering - skip non existing resourceDirectory C:\Users\sudar\OneDrive\Desktop\Spring Core\SpringSPEL\src\test\resources
2023-10-11 23:16:45,088 [Worker-22: Building] INFO  o.a.m.s.f.DefaultMavenResourcesFiltering - skip non existing resourceDirectory C:\Users\sudar\OneDrive\Desktop\Spring Core\SpringSPEL\src\main\resources
2023-10-11 23:16:45,090 [Worker-22: Building] INFO  o.a.m.s.f.DefaultMavenResourcesFiltering - skip non existing resourceDirectory C:\Users\sudar\OneDrive\Desktop\Spring Core\SpringSPEL\src\test\resources
2023-10-11 23:18:32,381 [Worker-31: Building] INFO  o.a.m.s.f.DefaultMavenResourcesFiltering - skip non existing resourceDirectory C:\Users\sudar\OneDrive\Desktop\Spring Core\SpringSPEL\src\main\resources
2023-10-11 23:18:32,383 [Worker-31: Building] INFO  o.a.m.s.f.DefaultMavenResourcesFiltering - skip non existing resourceDirectory C:\Users\sudar\OneDrive\Desktop\Spring Core\SpringSPEL\src\test\resources
2023-10-11 23:18:49,496 [Worker-32: Building] INFO  o.a.m.s.f.DefaultMavenResourcesFiltering - skip non existing resourceDirectory C:\Users\sudar\OneDrive\Desktop\Spring Core\SpringSPEL\src\main\resources
2023-10-11 23:18:49,500 [Worker-32: Building] INFO  o.a.m.s.f.DefaultMavenResourcesFiltering - skip non existing resourceDirectory C:\Users\sudar\OneDrive\Desktop\Spring Core\SpringSPEL\src\test\resources
2023-10-11 23:18:54,764 [Worker-32: Building] INFO  o.a.m.s.f.DefaultMavenResourcesFiltering - skip non existing resourceDirectory C:\Users\sudar\OneDrive\Desktop\Spring Core\SpringSPEL\src\main\resources
2023-10-11 23:18:54,768 [Worker-32: Building] INFO  o.a.m.s.f.DefaultMavenResourcesFiltering - skip non existing resourceDirectory C:\Users\sudar\OneDrive\Desktop\Spring Core\SpringSPEL\src\test\resources
2023-10-11 23:19:24,811 [Worker-31: Building] INFO  o.a.m.s.f.DefaultMavenResourcesFiltering - skip non existing resourceDirectory C:\Users\sudar\OneDrive\Desktop\Spring Core\SpringSPEL\src\main\resources
2023-10-11 23:19:24,814 [Worker-31: Building] INFO  o.a.m.s.f.DefaultMavenResourcesFiltering - skip non existing resourceDirectory C:\Users\sudar\OneDrive\Desktop\Spring Core\SpringSPEL\src\test\resources
2023-10-11 23:19:28,598 [Worker-31: Building] INFO  o.a.m.s.f.DefaultMavenResourcesFiltering - skip non existing resourceDirectory C:\Users\sudar\OneDrive\Desktop\Spring Core\SpringSPEL\src\main\resources
2023-10-11 23:19:28,602 [Worker-31: Building] INFO  o.a.m.s.f.DefaultMavenResourcesFiltering - skip non existing resourceDirectory C:\Users\sudar\OneDrive\Desktop\Spring Core\SpringSPEL\src\test\resources
